{"numTotalTestSuites":764,"numPassedTestSuites":740,"numFailedTestSuites":24,"numPendingTestSuites":0,"numTotalTests":3196,"numPassedTests":3168,"numFailedTests":28,"numPendingTests":0,"numTodoTests":0,"snapshot":{"added":0,"failure":false,"filesAdded":0,"filesRemoved":0,"filesRemovedList":[],"filesUnmatched":0,"filesUpdated":0,"matched":0,"total":0,"unchecked":0,"uncheckedKeysByFile":[],"unmatched":0,"updated":0,"didUpdate":false},"startTime":1785264469873,"success":false,"testResults":[{"assertionResults":[{"ancestorTitles":["DEFAULT_LEAD_TEMPLATES"],"fullName":"DEFAULT_LEAD_TEMPLATES has exactly 5 templates","status":"passed","title":"has exactly 5 templates","duration":6.20669999999518,"failureMessages":[],"meta":{},"tags":[]},{"ancestorTitles":["DEFAULT_LEAD_TEMPLATES"],"fullName":"DEFAULT_LEAD_TEMPLATES each template has a unique business name","status":"passed","title":"each template has a unique business name","duration":1.1235000000015134,"failureMessages":[],"meta":{},"tags":[]},{"ancestorTitles":["DEFAULT_LEAD_TEMPLATES"],"fullName":"DEFAULT_LEAD_TEMPLATES each template has all required fields","status":"passed","title":"each template has all required fields","duration":4.422599999998056,"failureMessages":[],"meta":{},"tags":[]},{"ancestorTitles":["DEFAULT_LEAD_TEMPLATES"],"fullName":"DEFAULT_LEAD_TEMPLATES has valid status values","status":"passed","title":"has valid status values","duration":2.3250000000043656,"failureMessages":[],"meta":{},"tags":[]},{"ancestorTitles":["DEFAULT_LEAD_TEMPLATES"],"fullName":"DEFAULT_LEAD_TEMPLATES has valid source values","status":"passed","title":"has valid source values","duration":1.1978000000017346,"failureMessages":[],"meta":{},"tags":[]},{"ancestorTitles":["DEFAULT_LEAD_TEMPLATES"],"fullName":"DEFAULT_LEAD_TEMPLATES phone numbers start with +91","status":"passed","title":"phone numbers start with +91","duration":1.2998999999981606,"failureMessages":[],"meta":{},"tags":[]},{"ancestorTitles":["DEFAULT_LEAD_TEMPLATES"],"fullName":"DEFAULT_LEAD_TEMPLATES no template has id, createdAt, or updatedAt fields","status":"passed","title":"no template has id, createdAt, or updatedAt fields","duration":3.686600000000908,"failureMessages":[],"meta":{},"tags":[]},{"ancestorTitles":["DEFAULT_LEAD_TEMPLATES"],"fullName":"DEFAULT_LEAD_TEMPLATES at least one template has a channel and personalisedMessage","status":"passed","title":"at least one template has a channel and personalisedMessage","duration":0.7943000000013853,"failureMessages":[],"meta":{},"tags":[]},{"ancestorTitles":["DEFAULT_LEAD_TEMPLATES"],"fullName":"DEFAULT_LEAD_TEMPLATES at least one template has a followUpDate","status":"passed","title":"at least one template has a followUpDate","duration":0.7156000000031781,"failureMessages":[],"meta":{},"tags":[]}],"startTime":1785264865245,"endTime":1785264865266.7942,"status":"passed","message":"","name":"C:/Users/LENOVO/Desktop/oracle/src/data/lead-templates.test.ts"},{"assertionResults":[{"ancestorTitles":["DEFAULT_REVENUE_TEMPLATES"],"fullName":"DEFAULT_REVENUE_TEMPLATES has exactly 9 templates","status":"passed","title":"has exactly 9 templates","duration":7.461999999999534,"failureMessages":[],"meta":{},"tags":[]},{"ancestorTitles":["DEFAULT_REVENUE_TEMPLATES"],"fullName":"DEFAULT_REVENUE_TEMPLATES each template has a unique name","status":"passed","title":"each template has a unique name","duration":0.9778000000005704,"failureMessages":[],"meta":{},"tags":[]},{"ancestorTitles":["DEFAULT_REVENUE_TEMPLATES"],"fullName":"DEFAULT_REVENUE_TEMPLATES each template has all required fields","status":"passed","title":"each template has all required fields","duration":7.379500000002736,"failureMessages":[],"meta":{},"tags":[]},{"ancestorTitles":["DEFAULT_REVENUE_TEMPLATES"],"fullName":"DEFAULT_REVENUE_TEMPLATES has valid status values","status":"passed","title":"has valid status values","duration":3.392999999996391,"failureMessages":[],"meta":{},"tags":[]},{"ancestorTitles":["DEFAULT_REVENUE_TEMPLATES"],"fullName":"DEFAULT_REVENUE_TEMPLATES has valid type values","status":"passed","title":"has valid type values","duration":1.6899999999950523,"failureMessages":[],"meta":{},"tags":[]},{"ancestorTitles":["DEFAULT_REVENUE_TEMPLATES"],"fullName":"DEFAULT_REVENUE_TEMPLATES has valid effort values","status":"passed","title":"has valid effort values","duration":1.21650000000227,"failureMessages":[],"meta":{},"tags":[]},{"ancestorTitles":["DEFAULT_REVENUE_TEMPLATES"],"fullName":"DEFAULT_REVENUE_TEMPLATES annualProjection equals monthlyProjection * 12","status":"passed","title":"annualProjection equals monthlyProjection * 12","duration":1.1293000000005122,"failureMessages":[],"meta":{},"tags":[]},{"ancestorTitles":["DEFAULT_REVENUE_TEMPLATES"],"fullName":"DEFAULT_REVENUE_TEMPLATES margin is between 0 and 100","status":"passed","title":"margin is between 0 and 100","duration":2.1150000000052387,"failureMessages":[],"meta":{},"tags":[]},{"ancestorTitles":["DEFAULT_REVENUE_TEMPLATES"],"fullName":"DEFAULT_REVENUE_TEMPLATES no template has id or createdAt fields","status":"passed","title":"no template has id or createdAt fields","duration":4.280900000005204,"failureMessages":[],"meta":{},"tags":[]}],"startTime":1785264869493,"endTime":1785264869523.281,"status":"passed","message":"","name":"C:/Users/LENOVO/Desktop/oracle/src/data/revenue-templates.test.ts"},{"assertionResults":[{"ancestorTitles":["matchesShortcut","Ctrl+P (PDF preview)"],"fullName":"matchesShortcut Ctrl+P (PDF preview) matches Ctrl+P","status":"passed","title":"matches Ctrl+P","duration":5.806599999996251,"failureMessages":[],"meta":{},"tags":[]},{"ancestorTitles":["matchesShortcut","Ctrl+P (PDF preview)"],"fullName":"matchesShortcut Ctrl+P (PDF preview) matches Cmd+P on macOS","status":"passed","title":"matches Cmd+P on macOS","duration":0.7865999999921769,"failureMessages":[],"meta":{},"tags":[]},{"ancestorTitles":["matchesShortcut","Ctrl+P (PDF preview)"],"fullName":"matchesShortcut Ctrl+P (PDF preview) does not match P without modifier","status":"passed","title":"does not match P without modifier","duration":0.6226999999926193,"failureMessages":[],"meta":{},"tags":[]},{"ancestorTitles":["matchesShortcut","Ctrl+P (PDF preview)"],"fullName":"matchesShortcut Ctrl+P (PDF preview) does not match Ctrl+Shift+P","status":"passed","title":"does not match Ctrl+Shift+P","duration":0.7121000000042841,"failureMessages":[],"meta":{},"tags":[]},{"ancestorTitles":["matchesShortcut","Ctrl+P (PDF preview)"],"fullName":"matchesShortcut Ctrl+P (PDF preview) does not match Ctrl+S","status":"passed","title":"does not match Ctrl+S","duration":0.65580000000773,"failureMessages":[],"meta":{},"tags":[]},{"ancestorTitles":["matchesShortcut","Ctrl+Shift+W (Word export)"],"fullName":"matchesShortcut Ctrl+Shift+W (Word export) matches Ctrl+Shift+W","status":"passed","title":"matches Ctrl+Shift+W","duration":0.5747999999875901,"failureMessages":[],"meta":{},"tags":[]},{"ancestorTitles":["matchesShortcut","Ctrl+Shift+W (Word export)"],"fullName":"matchesShortcut Ctrl+Shift+W (Word export) matches Ctrl+Shift+w (lowercase)","status":"passed","title":"matches Ctrl+Shift+w (lowercase)","duration":0.47950000000128057,"failureMessages":[],"meta":{},"tags":[]},{"ancestorTitles":["matchesShortcut","Ctrl+Shift+W (Word export)"],"fullName":"matchesShortcut Ctrl+Shift+W (Word export) matches Cmd+Shift+W on macOS","status":"passed","title":"matches Cmd+Shift+W on macOS","duration":0.450700000001234,"failureMessages":[],"meta":{},"tags":[]},{"ancestorTitles":["matchesShortcut","Ctrl+Shift+W (Word export)"],"fullName":"matchesShortcut Ctrl+Shift+W (Word export) does not match Ctrl+W without shift","status":"passed","title":"does not match Ctrl+W without shift","duration":0.5733000000036554,"failureMessages":[],"meta":{},"tags":[]},{"ancestorTitles":["matchesShortcut","Ctrl+Shift+W (Word export)"],"fullName":"matchesShortcut Ctrl+Shift+W (Word export) does not match Shift+W without Ctrl","status":"passed","title":"does not match Shift+W without Ctrl","duration":0.6923999999999069,"failureMessages":[],"meta":{},"tags":[]},{"ancestorTitles":["matchesShortcut","Ctrl+S (CSV export)"],"fullName":"matchesShortcut Ctrl+S (CSV export) matches Ctrl+S","status":"passed","title":"matches Ctrl+S","duration":0.458199999993667,"failureMessages":[],"meta":{},"tags":[]},{"ancestorTitles":["matchesShortcut","Ctrl+S (CSV export)"],"fullName":"matchesShortcut Ctrl+S (CSV export) matches Cmd+S on macOS","status":"passed","title":"matches Cmd+S on macOS","duration":0.44729999999981374,"failureMessages":[],"meta":{},"tags":[]},{"ancestorTitles":["matchesShortcut","Ctrl+S (CSV export)"],"fullName":"matchesShortcut Ctrl+S (CSV export) does not match S without modifier","status":"passed","title":"does not match S without modifier","duration":0.3650000000052387,"failureMessages":[],"meta":{},"tags":[]},{"ancestorTitles":["matchesShortcut","Ctrl+S (CSV export)"],"fullName":"matchesShortcut Ctrl+S (CSV export) does not match Ctrl+Shift+S","status":"passed","title":"does not match Ctrl+Shift+S","duration":0.3533999999926891,"failureMessages":[],"meta":{},"tags":[]},{"ancestorTitles":["matchesShortcut","? (shortcuts help)"],"fullName":"matchesShortcut ? (shortcuts help) matches ? key with shift","status":"passed","title":"matches ? key with shift","duration":0.35340000000724103,"failureMessages":[],"meta":{},"tags":[]},{"ancestorTitles":["matchesShortcut","? (shortcuts help)"],"fullName":"matchesShortcut ? (shortcuts help) matches / key with shift","status":"passed","title":"matches / key with shift","duration":0.41849999999976717,"failureMessages":[],"meta":{},"tags":[]},{"ancestorTitles":["matchesShortcut","? (shortcuts help)"],"fullName":"matchesShortcut ? (shortcuts help) does not match ? without shift","status":"passed","title":"does not match ? without shift","duration":0.33179999999993015,"failureMessages":[],"meta":{},"tags":[]},{"ancestorTitles":["matchesShortcut","? (shortcuts help)"],"fullName":"matchesShortcut ? (shortcuts help) does not match / without shift","status":"passed","title":"does not match / without shift","duration":0.2945999999938067,"failureMessages":[],"meta":{},"tags":[]},{"ancestorTitles":["matchesShortcut","? (shortcuts help)"],"fullName":"matchesShortcut ? (shortcuts help) does not match Ctrl+?","status":"passed","title":"does not match Ctrl+?","duration":0.34740000001329463,"failureMessages":[],"meta":{},"tags":[]},{"ancestorTitles":["matchesShortcut","Esc (close)"],"fullName":"matchesShortcut Esc (close) matches Escape key","status":"failed","title":"matches Escape key","duration":176.10480000000098,"failureMessages":["AssertionError: expected false to be true // Object.is equality\n    at C:/Users/LENOVO/Desktop/oracle/src/styles/keyboard-shortcuts.test.ts:116:76\n    at file:///C:/Users/LENOVO/Desktop/oracle/node_modules/@vitest/runner/dist/chunk-artifact.js:302:11\n    at file:///C:/Users/LENOVO/Desktop/oracle/node_modules/@vitest/runner/dist/chunk-artifact.js:1903:26\n    at file:///C:/Users/LENOVO/Desktop/oracle/node_modules/@vitest/runner/dist/chunk-artifact.js:2326:20\n    at new Promise (<anonymous>)\n    at runWithCancel (file:///C:/Users/LENOVO/Desktop/oracle/node_modules/@vitest/runner/dist/chunk-artifact.js:2323:10)\n    at file:///C:/Users/LENOVO/Desktop/oracle/node_modules/@vitest/runner/dist/chunk-artifact.js:2305:20\n    at new Promise (<anonymous>)\n    at runWithTimeout (file:///C:/Users/LENOVO/Desktop/oracle/node_modules/@vitest/runner/dist/chunk-artifact.js:2272:10)\n    at file:///C:/Users/LENOVO/Desktop/oracle/node_modules/@vitest/runner/dist/chunk-artifact.js:2955:64"],"meta":{},"tags":[]},{"ancestorTitles":["matchesShortcut","Esc (close)"],"fullName":"matchesShortcut Esc (close) does not match Escape with Ctrl","status":"passed","title":"does not match Escape with Ctrl","duration":0.6088000000017928,"failureMessages":[],"meta":{},"tags":[]},{"ancestorTitles":["matchesShortcut","Esc (close)"],"fullName":"matchesShortcut Esc (close) does not match Enter","status":"passed","title":"does not match Enter","duration":0.5545000000129221,"failureMessages":[],"meta":{},"tags":[]},{"ancestorTitles":["matchesShortcut","edge cases"],"fullName":"matchesShortcut edge cases handles undefined requiresModifier","status":"passed","title":"handles undefined requiresModifier","duration":0.4386999999987893,"failureMessages":[],"meta":{},"tags":[]},{"ancestorTitles":["matchesShortcut","edge cases"],"fullName":"matchesShortcut edge cases handles undefined requiresShift","status":"passed","title":"handles undefined requiresShift","duration":0.41069999999308493,"failureMessages":[],"meta":{},"tags":[]},{"ancestorTitles":["matchesShortcut","edge cases"],"fullName":"matchesShortcut edge cases is case-insensitive for single letter keys","status":"passed","title":"is case-insensitive for single letter keys","duration":0.403600000005099,"failureMessages":[],"meta":{},"tags":[]},{"ancestorTitles":["KEYBOARD_SHORTCUTS"],"fullName":"KEYBOARD_SHORTCUTS contains all expected shortcuts","status":"failed","title":"contains all expected shortcuts","duration":5.580700000005891,"failureMessages":["AssertionError: expected [ { id: 'pdf-preview', …(3) }, …(5) ] to have a length of 5 but got 6\n    at Proxy.<anonymous> (file:///C:/Users/LENOVO/Desktop/oracle/node_modules/@vitest/expect/dist/index.js:1389:20)\n    at Proxy.<anonymous> (file:///C:/Users/LENOVO/Desktop/oracle/node_modules/@vitest/expect/dist/index.js:1156:15)\n    at Proxy.methodWrapper (file:///C:/Users/LENOVO/Desktop/oracle/node_modules/chai/index.js:1700:25)\n    at C:/Users/LENOVO/Desktop/oracle/src/styles/keyboard-shortcuts.test.ts:163:32\n    at file:///C:/Users/LENOVO/Desktop/oracle/node_modules/@vitest/runner/dist/chunk-artifact.js:302:11\n    at file:///C:/Users/LENOVO/Desktop/oracle/node_modules/@vitest/runner/dist/chunk-artifact.js:1903:26\n    at file:///C:/Users/LENOVO/Desktop/oracle/node_modules/@vitest/runner/dist/chunk-artifact.js:2326:20\n    at new Promise (<anonymous>)\n    at runWithCancel (file:///C:/Users/LENOVO/Desktop/oracle/node_modules/@vitest/runner/dist/chunk-artifact.js:2323:10)\n    at file:///C:/Users/LENOVO/Desktop/oracle/node_modules/@vitest/runner/dist/chunk-artifact.js:2305:20"],"meta":{},"tags":[]},{"ancestorTitles":["KEYBOARD_SHORTCUTS"],"fullName":"KEYBOARD_SHORTCUTS has descriptions for all shortcuts","status":"passed","title":"has descriptions for all shortcuts","duration":1.081000000005588,"failureMessages":[],"meta":{},"tags":[]},{"ancestorTitles":["KEYBOARD_SHORTCUTS"],"fullName":"KEYBOARD_SHORTCUTS has keys array for all shortcuts","status":"passed","title":"has keys array for all shortcuts","duration":1.6120999999984633,"failureMessages":[],"meta":{},"tags":[]}],"startTime":1785268300516,"endTime":1785268300721.612,"status":"failed","message":"","name":"C:/Users/LENOVO/Desktop/oracle/src/styles/keyboard-shortcuts.test.ts"},{"assertionResults":[{"ancestorTitles":["KeyboardShortcutsContext","useKeyboardShortcutsContext"],"fullName":"KeyboardShortcutsContext useKeyboardShortcutsContext throws when used outside provider","status":"passed","title":"throws when used outside provider","duration":102.80789999999979,"failureMessages":[],"meta":{},"tags":[]},{"ancestorTitles":["KeyboardShortcutsContext","useKeyboardShortcutsContext"],"fullName":"KeyboardShortcutsContext useKeyboardShortcutsContext provides context when used inside provider","status":"passed","title":"provides context when used inside provider","duration":55.875599999999395,"failureMessages":[],"meta":{},"tags":[]},{"ancestorTitles":["KeyboardShortcutsContext","KeyboardShortcutsProvider"],"fullName":"KeyboardShortcutsContext KeyboardShortcutsProvider renders children","status":"passed","title":"renders children","duration":72.02590000000055,"failureMessages":[],"meta":{},"tags":[]},{"ancestorTitles":["KeyboardShortcutsContext","KeyboardShortcutsProvider"],"fullName":"KeyboardShortcutsContext KeyboardShortcutsProvider starts enabled by default","status":"passed","title":"starts enabled by default","duration":45.5225999999966,"failureMessages":[],"meta":{},"tags":[]},{"ancestorTitles":["KeyboardShortcutsContext","KeyboardShortcutsProvider"],"fullName":"KeyboardShortcutsContext KeyboardShortcutsProvider can start disabled","status":"passed","title":"can start disabled","duration":12.128799999998591,"failureMessages":[],"meta":{},"tags":[]},{"ancestorTitles":["KeyboardShortcutsContext","KeyboardShortcutsProvider"],"fullName":"KeyboardShortcutsContext KeyboardShortcutsProvider toggleGlobal toggles enabled state","status":"passed","title":"toggleGlobal toggles enabled state","duration":47.338700000000244,"failureMessages":[],"meta":{},"tags":[]},{"ancestorTitles":["KeyboardShortcutsContext","KeyboardShortcutsProvider"],"fullName":"KeyboardShortcutsContext KeyboardShortcutsProvider disableAll disables all shortcuts","status":"passed","title":"disableAll disables all shortcuts","duration":11.761099999996077,"failureMessages":[],"meta":{},"tags":[]},{"ancestorTitles":["KeyboardShortcutsContext","KeyboardShortcutsProvider"],"fullName":"KeyboardShortcutsContext KeyboardShortcutsProvider enableAll enables all shortcuts","status":"passed","title":"enableAll enables all shortcuts","duration":28.195099999997183,"failureMessages":[],"meta":{},"tags":[]},{"ancestorTitles":["KeyboardShortcutsContext","register / unregister"],"fullName":"KeyboardShortcutsContext register / unregister registers and calls handler on matching shortcut","status":"failed","title":"registers and calls handler on matching shortcut","duration":19.031199999997625,"failureMessages":["AssertionError: expected \"vi.fn()\" to be called 1 times, but got 0 times\n    at C:/Users/LENOVO/Desktop/oracle/src/hooks/keyboard-shortcuts-context.test.tsx:203:23\n    at file:///C:/Users/LENOVO/Desktop/oracle/node_modules/@vitest/runner/dist/chunk-artifact.js:302:11\n    at file:///C:/Users/LENOVO/Desktop/oracle/node_modules/@vitest/runner/dist/chunk-artifact.js:1903:26\n    at file:///C:/Users/LENOVO/Desktop/oracle/node_modules/@vitest/runner/dist/chunk-artifact.js:2326:20\n    at new Promise (<anonymous>)\n    at runWithCancel (file:///C:/Users/LENOVO/Desktop/oracle/node_modules/@vitest/runner/dist/chunk-artifact.js:2323:10)\n    at file:///C:/Users/LENOVO/Desktop/oracle/node_modules/@vitest/runner/dist/chunk-artifact.js:2305:20\n    at new Promise (<anonymous>)\n    at runWithTimeout (file:///C:/Users/LENOVO/Desktop/oracle/node_modules/@vitest/runner/dist/chunk-artifact.js:2272:10)\n    at file:///C:/Users/LENOVO/Desktop/oracle/node_modules/@vitest/runner/dist/chunk-artifact.js:2955:64"],"meta":{},"tags":[]},{"ancestorTitles":["KeyboardShortcutsContext","register / unregister"],"fullName":"KeyboardShortcutsContext register / unregister returns cleanup function that unregisters","status":"failed","title":"returns cleanup function that unregisters","duration":13.165099999998347,"failureMessages":["AssertionError: expected \"vi.fn()\" to be called 1 times, but got 0 times\n    at C:/Users/LENOVO/Desktop/oracle/src/hooks/keyboard-shortcuts-context.test.tsx:228:23\n    at file:///C:/Users/LENOVO/Desktop/oracle/node_modules/@vitest/runner/dist/chunk-artifact.js:302:11\n    at file:///C:/Users/LENOVO/Desktop/oracle/node_modules/@vitest/runner/dist/chunk-artifact.js:1903:26\n    at file:///C:/Users/LENOVO/Desktop/oracle/node_modules/@vitest/runner/dist/chunk-artifact.js:2326:20\n    at new Promise (<anonymous>)\n    at runWithCancel (file:///C:/Users/LENOVO/Desktop/oracle/node_modules/@vitest/runner/dist/chunk-artifact.js:2323:10)\n    at file:///C:/Users/LENOVO/Desktop/oracle/node_modules/@vitest/runner/dist/chunk-artifact.js:2305:20\n    at new Promise (<anonymous>)\n    at runWithTimeout (file:///C:/Users/LENOVO/Desktop/oracle/node_modules/@vitest/runner/dist/chunk-artifact.js:2272:10)\n    at file:///C:/Users/LENOVO/Desktop/oracle/node_modules/@vitest/runner/dist/chunk-artifact.js:2955:64"],"meta":{},"tags":[]},{"ancestorTitles":["KeyboardShortcutsContext","register / unregister"],"fullName":"KeyboardShortcutsContext register / unregister unregister removes registration","status":"passed","title":"unregister removes registration","duration":32.36880000000383,"failureMessages":[],"meta":{},"tags":[]},{"ancestorTitles":["KeyboardShortcutsContext","update"],"fullName":"KeyboardShortcutsContext update can enable/disable individual registrations","status":"passed","title":"can enable/disable individual registrations","duration":24.771899999999732,"failureMessages":[],"meta":{},"tags":[]},{"ancestorTitles":["KeyboardShortcutsContext","update"],"fullName":"KeyboardShortcutsContext update can update handler","status":"failed","title":"can update handler","duration":13.974300000001676,"failureMessages":["AssertionError: expected \"vi.fn()\" to be called 1 times, but got 0 times\n    at C:/Users/LENOVO/Desktop/oracle/src/hooks/keyboard-shortcuts-context.test.tsx:323:24\n    at file:///C:/Users/LENOVO/Desktop/oracle/node_modules/@vitest/runner/dist/chunk-artifact.js:302:11\n    at file:///C:/Users/LENOVO/Desktop/oracle/node_modules/@vitest/runner/dist/chunk-artifact.js:1903:26\n    at file:///C:/Users/LENOVO/Desktop/oracle/node_modules/@vitest/runner/dist/chunk-artifact.js:2326:20\n    at new Promise (<anonymous>)\n    at runWithCancel (file:///C:/Users/LENOVO/Desktop/oracle/node_modules/@vitest/runner/dist/chunk-artifact.js:2323:10)\n    at file:///C:/Users/LENOVO/Desktop/oracle/node_modules/@vitest/runner/dist/chunk-artifact.js:2305:20\n    at new Promise (<anonymous>)\n    at runWithTimeout (file:///C:/Users/LENOVO/Desktop/oracle/node_modules/@vitest/runner/dist/chunk-artifact.js:2272:10)\n    at file:///C:/Users/LENOVO/Desktop/oracle/node_modules/@vitest/runner/dist/chunk-artifact.js:2955:64"],"meta":{},"tags":[]},{"ancestorTitles":["KeyboardShortcutsContext","getRegistrations"],"fullName":"KeyboardShortcutsContext getRegistrations returns all current registrations","status":"passed","title":"returns all current registrations","duration":7.432799999995041,"failureMessages":[],"meta":{},"tags":[]},{"ancestorTitles":["KeyboardShortcutsContext","priority"],"fullName":"KeyboardShortcutsContext priority higher priority handlers are checked first","status":"failed","title":"higher priority handlers are checked first","duration":51.92409999999654,"failureMessages":["AssertionError: expected [] to deeply equal [ 'high', 'low' ]\n    at C:/Users/LENOVO/Desktop/oracle/src/hooks/keyboard-shortcuts-context.test.tsx:387:25\n    at file:///C:/Users/LENOVO/Desktop/oracle/node_modules/@vitest/runner/dist/chunk-artifact.js:302:11\n    at file:///C:/Users/LENOVO/Desktop/oracle/node_modules/@vitest/runner/dist/chunk-artifact.js:1903:26\n    at file:///C:/Users/LENOVO/Desktop/oracle/node_modules/@vitest/runner/dist/chunk-artifact.js:2326:20\n    at new Promise (<anonymous>)\n    at runWithCancel (file:///C:/Users/LENOVO/Desktop/oracle/node_modules/@vitest/runner/dist/chunk-artifact.js:2323:10)\n    at file:///C:/Users/LENOVO/Desktop/oracle/node_modules/@vitest/runner/dist/chunk-artifact.js:2305:20\n    at new Promise (<anonymous>)\n    at runWithTimeout (file:///C:/Users/LENOVO/Desktop/oracle/node_modules/@vitest/runner/dist/chunk-artifact.js:2272:10)\n    at file:///C:/Users/LENOVO/Desktop/oracle/node_modules/@vitest/runner/dist/chunk-artifact.js:2955:64"],"meta":{},"tags":[]},{"ancestorTitles":["KeyboardShortcutsContext","condition"],"fullName":"KeyboardShortcutsContext condition skips handler when condition returns false","status":"passed","title":"skips handler when condition returns false","duration":7.538300000000163,"failureMessages":[],"meta":{},"tags":[]},{"ancestorTitles":["KeyboardShortcutsContext","condition"],"fullName":"KeyboardShortcutsContext condition calls handler when condition returns true","status":"failed","title":"calls handler when condition returns true","duration":6.242000000005646,"failureMessages":["AssertionError: expected \"vi.fn()\" to be called 1 times, but got 0 times\n    at C:/Users/LENOVO/Desktop/oracle/src/hooks/keyboard-shortcuts-context.test.tsx:439:23\n    at file:///C:/Users/LENOVO/Desktop/oracle/node_modules/@vitest/runner/dist/chunk-artifact.js:302:11\n    at file:///C:/Users/LENOVO/Desktop/oracle/node_modules/@vitest/runner/dist/chunk-artifact.js:1903:26\n    at file:///C:/Users/LENOVO/Desktop/oracle/node_modules/@vitest/runner/dist/chunk-artifact.js:2326:20\n    at new Promise (<anonymous>)\n    at runWithCancel (file:///C:/Users/LENOVO/Desktop/oracle/node_modules/@vitest/runner/dist/chunk-artifact.js:2323:10)\n    at file:///C:/Users/LENOVO/Desktop/oracle/node_modules/@vitest/runner/dist/chunk-artifact.js:2305:20\n    at new Promise (<anonymous>)\n    at runWithTimeout (file:///C:/Users/LENOVO/Desktop/oracle/node_modules/@vitest/runner/dist/chunk-artifact.js:2272:10)\n    at file:///C:/Users/LENOVO/Desktop/oracle/node_modules/@vitest/runner/dist/chunk-artifact.js:2955:64"],"meta":{},"tags":[]},{"ancestorTitles":["KeyboardShortcutsContext","input suppression"],"fullName":"KeyboardShortcutsContext input suppression does not trigger shortcuts when typing in input","status":"passed","title":"does not trigger shortcuts when typing in input","duration":55.92640000000392,"failureMessages":[],"meta":{},"tags":[]},{"ancestorTitles":["KeyboardShortcutsContext","input suppression"],"fullName":"KeyboardShortcutsContext input suppression does not trigger shortcuts when typing in textarea","status":"passed","title":"does not trigger shortcuts when typing in textarea","duration":12.054799999998068,"failureMessages":[],"meta":{},"tags":[]},{"ancestorTitles":["KeyboardShortcutsContext","disabled shortcuts not triggered"],"fullName":"KeyboardShortcutsContext disabled shortcuts not triggered does not call handler when globally disabled","status":"passed","title":"does not call handler when globally disabled","duration":7.5376000000032946,"failureMessages":[],"meta":{},"tags":[]},{"ancestorTitles":["KeyboardShortcutsContext","disabled shortcuts not triggered"],"fullName":"KeyboardShortcutsContext disabled shortcuts not triggered does not call handler when individually disabled","status":"passed","title":"does not call handler when individually disabled","duration":41.4288000000015,"failureMessages":[],"meta":{},"tags":[]},{"ancestorTitles":["KeyboardShortcutsContext","useKeyboardShortcuts hook"],"fullName":"KeyboardShortcutsContext useKeyboardShortcuts hook registers shortcut on mount","status":"failed","title":"registers shortcut on mount","duration":6.3862000000008265,"failureMessages":["AssertionError: expected \"vi.fn()\" to be called 1 times, but got 0 times\n    at C:/Users/LENOVO/Desktop/oracle/src/hooks/keyboard-shortcuts-context.test.tsx:570:23\n    at file:///C:/Users/LENOVO/Desktop/oracle/node_modules/@vitest/runner/dist/chunk-artifact.js:302:11\n    at file:///C:/Users/LENOVO/Desktop/oracle/node_modules/@vitest/runner/dist/chunk-artifact.js:1903:26\n    at file:///C:/Users/LENOVO/Desktop/oracle/node_modules/@vitest/runner/dist/chunk-artifact.js:2326:20\n    at new Promise (<anonymous>)\n    at runWithCancel (file:///C:/Users/LENOVO/Desktop/oracle/node_modules/@vitest/runner/dist/chunk-artifact.js:2323:10)\n    at file:///C:/Users/LENOVO/Desktop/oracle/node_modules/@vitest/runner/dist/chunk-artifact.js:2305:20\n    at new Promise (<anonymous>)\n    at runWithTimeout (file:///C:/Users/LENOVO/Desktop/oracle/node_modules/@vitest/runner/dist/chunk-artifact.js:2272:10)\n    at file:///C:/Users/LENOVO/Desktop/oracle/node_modules/@vitest/runner/dist/chunk-artifact.js:2955:64"],"meta":{},"tags":[]},{"ancestorTitles":["KeyboardShortcutsContext","useKeyboardShortcuts hook"],"fullName":"KeyboardShortcutsContext useKeyboardShortcuts hook unregisters on unmount","status":"failed","title":"unregisters on unmount","duration":5.755999999993946,"failureMessages":["AssertionError: expected \"vi.fn()\" to be called 1 times, but got 0 times\n    at C:/Users/LENOVO/Desktop/oracle/src/hooks/keyboard-shortcuts-context.test.tsx:589:23\n    at file:///C:/Users/LENOVO/Desktop/oracle/node_modules/@vitest/runner/dist/chunk-artifact.js:302:11\n    at file:///C:/Users/LENOVO/Desktop/oracle/node_modules/@vitest/runner/dist/chunk-artifact.js:1903:26\n    at file:///C:/Users/LENOVO/Desktop/oracle/node_modules/@vitest/runner/dist/chunk-artifact.js:2326:20\n    at new Promise (<anonymous>)\n    at runWithCancel (file:///C:/Users/LENOVO/Desktop/oracle/node_modules/@vitest/runner/dist/chunk-artifact.js:2323:10)\n    at file:///C:/Users/LENOVO/Desktop/oracle/node_modules/@vitest/runner/dist/chunk-artifact.js:2305:20\n    at new Promise (<anonymous>)\n    at runWithTimeout (file:///C:/Users/LENOVO/Desktop/oracle/node_modules/@vitest/runner/dist/chunk-artifact.js:2272:10)\n    at file:///C:/Users/LENOVO/Desktop/oracle/node_modules/@vitest/runner/dist/chunk-artifact.js:2955:64"],"meta":{},"tags":[]},{"ancestorTitles":["KeyboardShortcutsContext","useKeyboardShortcuts hook"],"fullName":"KeyboardShortcutsContext useKeyboardShortcuts hook supports enabled prop","status":"failed","title":"supports enabled prop","duration":8.943100000004051,"failureMessages":["AssertionError: expected \"vi.fn()\" to be called 1 times, but got 0 times\n    at C:/Users/LENOVO/Desktop/oracle/src/hooks/keyboard-shortcuts-context.test.tsx:632:23\n    at file:///C:/Users/LENOVO/Desktop/oracle/node_modules/@vitest/runner/dist/chunk-artifact.js:302:11\n    at file:///C:/Users/LENOVO/Desktop/oracle/node_modules/@vitest/runner/dist/chunk-artifact.js:1903:26\n    at file:///C:/Users/LENOVO/Desktop/oracle/node_modules/@vitest/runner/dist/chunk-artifact.js:2326:20\n    at new Promise (<anonymous>)\n    at runWithCancel (file:///C:/Users/LENOVO/Desktop/oracle/node_modules/@vitest/runner/dist/chunk-artifact.js:2323:10)\n    at file:///C:/Users/LENOVO/Desktop/oracle/node_modules/@vitest/runner/dist/chunk-artifact.js:2305:20\n    at new Promise (<anonymous>)\n    at runWithTimeout (file:///C:/Users/LENOVO/Desktop/oracle/node_modules/@vitest/runner/dist/chunk-artifact.js:2272:10)\n    at file:///C:/Users/LENOVO/Desktop/oracle/node_modules/@vitest/runner/dist/chunk-artifact.js:2955:64"],"meta":{},"tags":[]},{"ancestorTitles":["KeyboardShortcutsContext","useKeyboardShortcuts hook"],"fullName":"KeyboardShortcutsContext useKeyboardShortcuts hook supports priority prop","status":"failed","title":"supports priority prop","duration":11.278099999995902,"failureMessages":["AssertionError: expected [] to deeply equal [ 'high', 'low' ]\n    at C:/Users/LENOVO/Desktop/oracle/src/hooks/keyboard-shortcuts-context.test.tsx:659:25\n    at file:///C:/Users/LENOVO/Desktop/oracle/node_modules/@vitest/runner/dist/chunk-artifact.js:302:11\n    at file:///C:/Users/LENOVO/Desktop/oracle/node_modules/@vitest/runner/dist/chunk-artifact.js:1903:26\n    at file:///C:/Users/LENOVO/Desktop/oracle/node_modules/@vitest/runner/dist/chunk-artifact.js:2326:20\n    at new Promise (<anonymous>)\n    at runWithCancel (file:///C:/Users/LENOVO/Desktop/oracle/node_modules/@vitest/runner/dist/chunk-artifact.js:2323:10)\n    at file:///C:/Users/LENOVO/Desktop/oracle/node_modules/@vitest/runner/dist/chunk-artifact.js:2305:20\n    at new Promise (<anonymous>)\n    at runWithTimeout (file:///C:/Users/LENOVO/Desktop/oracle/node_modules/@vitest/runner/dist/chunk-artifact.js:2272:10)\n    at file:///C:/Users/LENOVO/Desktop/oracle/node_modules/@vitest/runner/dist/chunk-artifact.js:2955:64"],"meta":{},"tags":[]},{"ancestorTitles":["KeyboardShortcutsContext","multiple shortcuts in sequence"],"fullName":"KeyboardShortcutsContext multiple shortcuts in sequence handles multiple shortcut presses","status":"passed","title":"handles multiple shortcut presses","duration":42.85540000000037,"failureMessages":[],"meta":{},"tags":[]},{"ancestorTitles":["analytics"],"fullName":"analytics tracks usage count when shortcuts are triggered","status":"failed","title":"tracks usage count when shortcuts are triggered","duration":8.790099999998347,"failureMessages":["AssertionError: expected \"vi.fn()\" to be called 1 times, but got 0 times\n    at C:/Users/LENOVO/Desktop/oracle/src/hooks/keyboard-shortcuts-context.test.tsx:725:21\n    at file:///C:/Users/LENOVO/Desktop/oracle/node_modules/@vitest/runner/dist/chunk-artifact.js:302:11\n    at file:///C:/Users/LENOVO/Desktop/oracle/node_modules/@vitest/runner/dist/chunk-artifact.js:1903:26\n    at file:///C:/Users/LENOVO/Desktop/oracle/node_modules/@vitest/runner/dist/chunk-artifact.js:2326:20\n    at new Promise (<anonymous>)\n    at runWithCancel (file:///C:/Users/LENOVO/Desktop/oracle/node_modules/@vitest/runner/dist/chunk-artifact.js:2323:10)\n    at file:///C:/Users/LENOVO/Desktop/oracle/node_modules/@vitest/runner/dist/chunk-artifact.js:2305:20\n    at new Promise (<anonymous>)\n    at runWithTimeout (file:///C:/Users/LENOVO/Desktop/oracle/node_modules/@vitest/runner/dist/chunk-artifact.js:2272:10)\n    at file:///C:/Users/LENOVO/Desktop/oracle/node_modules/@vitest/runner/dist/chunk-artifact.js:2955:64"],"meta":{},"tags":[]},{"ancestorTitles":["analytics"],"fullName":"analytics getShortcutAnalytics returns null for unregistered shortcuts","status":"passed","title":"getShortcutAnalytics returns null for unregistered shortcuts","duration":9.185700000001816,"failureMessages":[],"meta":{},"tags":[]},{"ancestorTitles":["analytics"],"fullName":"analytics resetAnalytics clears all analytics","status":"passed","title":"resetAnalytics clears all analytics","duration":23.712399999996705,"failureMessages":[],"meta":{},"tags":[]},{"ancestorTitles":["getRegistration"],"fullName":"getRegistration returns registration by id","status":"passed","title":"returns registration by id","duration":8.393099999993865,"failureMessages":[],"meta":{},"tags":[]},{"ancestorTitles":["getRegistration"],"fullName":"getRegistration returns null for nonexistent id","status":"passed","title":"returns null for nonexistent id","duration":40.1446999999971,"failureMessages":[],"meta":{},"tags":[]},{"ancestorTitles":["useKeyboardShortcutStatus"],"fullName":"useKeyboardShortcutStatus returns correct state for unregistered shortcut","status":"passed","title":"returns correct state for unregistered shortcut","duration":7.009999999994761,"failureMessages":[],"meta":{},"tags":[]},{"ancestorTitles":["useKeyboardShortcutStatus"],"fullName":"useKeyboardShortcutStatus returns correct state for registered and enabled shortcut","status":"passed","title":"returns correct state for registered and enabled shortcut","duration":20.859199999998964,"failureMessages":[],"meta":{},"tags":[]},{"ancestorTitles":["useKeyboardShortcutStatus"],"fullName":"useKeyboardShortcutStatus returns correct state for registered but disabled shortcut","status":"passed","title":"returns correct state for registered but disabled shortcut","duration":11.369299999998475,"failureMessages":[],"meta":{},"tags":[]},{"ancestorTitles":["useKeyboardShortcutStatus"],"fullName":"useKeyboardShortcutStatus returns analytics after shortcut is triggered","status":"failed","title":"returns analytics after shortcut is triggered","duration":36.9030999999959,"failureMessages":["AssertionError: expected 'false' to be 'true' // Object.is equality\n    at C:/Users/LENOVO/Desktop/oracle/src/hooks/keyboard-shortcuts-context.test.tsx:904:60\n    at file:///C:/Users/LENOVO/Desktop/oracle/node_modules/@vitest/runner/dist/chunk-artifact.js:302:11\n    at file:///C:/Users/LENOVO/Desktop/oracle/node_modules/@vitest/runner/dist/chunk-artifact.js:1903:26\n    at file:///C:/Users/LENOVO/Desktop/oracle/node_modules/@vitest/runner/dist/chunk-artifact.js:2326:20\n    at new Promise (<anonymous>)\n    at runWithCancel (file:///C:/Users/LENOVO/Desktop/oracle/node_modules/@vitest/runner/dist/chunk-artifact.js:2323:10)\n    at file:///C:/Users/LENOVO/Desktop/oracle/node_modules/@vitest/runner/dist/chunk-artifact.js:2305:20\n    at new Promise (<anonymous>)\n    at runWithTimeout (file:///C:/Users/LENOVO/Desktop/oracle/node_modules/@vitest/runner/dist/chunk-artifact.js:2272:10)\n    at file:///C:/Users/LENOVO/Desktop/oracle/node_modules/@vitest/runner/dist/chunk-artifact.js:2955:64"],"meta":{},"tags":[]},{"ancestorTitles":["useKeyboardShortcutStatus"],"fullName":"useKeyboardShortcutStatus updates status when shortcut is unregistered","status":"passed","title":"updates status when shortcut is unregistered","duration":14.907800000000861,"failureMessages":[],"meta":{},"tags":[]},{"ancestorTitles":["analytics multi-trigger"],"fullName":"analytics multi-trigger increments usageCount across multiple triggers","status":"failed","title":"increments usageCount across multiple triggers","duration":6.3100999999951455,"failureMessages":["AssertionError: expected \"vi.fn()\" to be called 3 times, but got 0 times\n    at C:/Users/LENOVO/Desktop/oracle/src/hooks/keyboard-shortcuts-context.test.tsx:968:21\n    at file:///C:/Users/LENOVO/Desktop/oracle/node_modules/@vitest/runner/dist/chunk-artifact.js:302:11\n    at file:///C:/Users/LENOVO/Desktop/oracle/node_modules/@vitest/runner/dist/chunk-artifact.js:1903:26\n    at file:///C:/Users/LENOVO/Desktop/oracle/node_modules/@vitest/runner/dist/chunk-artifact.js:2326:20\n    at new Promise (<anonymous>)\n    at runWithCancel (file:///C:/Users/LENOVO/Desktop/oracle/node_modules/@vitest/runner/dist/chunk-artifact.js:2323:10)\n    at file:///C:/Users/LENOVO/Desktop/oracle/node_modules/@vitest/runner/dist/chunk-artifact.js:2305:20\n    at new Promise (<anonymous>)\n    at runWithTimeout (file:///C:/Users/LENOVO/Desktop/oracle/node_modules/@vitest/runner/dist/chunk-artifact.js:2272:10)\n    at file:///C:/Users/LENOVO/Desktop/oracle/node_modules/@vitest/runner/dist/chunk-artifact.js:2955:64"],"meta":{},"tags":[]},{"ancestorTitles":["analytics multi-trigger"],"fullName":"analytics multi-trigger getAnalytics returns data for multiple shortcuts","status":"failed","title":"getAnalytics returns data for multiple shortcuts","duration":9.264400000000023,"failureMessages":["AssertionError: expected 1 to be 2 // Object.is equality\n    at C:/Users/LENOVO/Desktop/oracle/src/hooks/keyboard-shortcuts-context.test.tsx:1012:33\n    at file:///C:/Users/LENOVO/Desktop/oracle/node_modules/@vitest/runner/dist/chunk-artifact.js:302:11\n    at file:///C:/Users/LENOVO/Desktop/oracle/node_modules/@vitest/runner/dist/chunk-artifact.js:1903:26\n    at file:///C:/Users/LENOVO/Desktop/oracle/node_modules/@vitest/runner/dist/chunk-artifact.js:2326:20\n    at new Promise (<anonymous>)\n    at runWithCancel (file:///C:/Users/LENOVO/Desktop/oracle/node_modules/@vitest/runner/dist/chunk-artifact.js:2323:10)\n    at file:///C:/Users/LENOVO/Desktop/oracle/node_modules/@vitest/runner/dist/chunk-artifact.js:2305:20\n    at new Promise (<anonymous>)\n    at runWithTimeout (file:///C:/Users/LENOVO/Desktop/oracle/node_modules/@vitest/runner/dist/chunk-artifact.js:2272:10)\n    at file:///C:/Users/LENOVO/Desktop/oracle/node_modules/@vitest/runner/dist/chunk-artifact.js:2955:64"],"meta":{},"tags":[]},{"ancestorTitles":["customization"],"fullName":"customization starts with empty customizations","status":"passed","title":"starts with empty customizations","duration":4.56069999999454,"failureMessages":[],"meta":{},"tags":[]},{"ancestorTitles":["customization"],"fullName":"customization setCustomization adds a new customization","status":"passed","title":"setCustomization adds a new customization","duration":45.85259999999835,"failureMessages":[],"meta":{},"tags":[]},{"ancestorTitles":["customization"],"fullName":"customization setCustomization updates existing customization","status":"passed","title":"setCustomization updates existing customization","duration":6.9354999999995925,"failureMessages":[],"meta":{},"tags":[]},{"ancestorTitles":["customization"],"fullName":"customization removeCustomization removes a customization","status":"passed","title":"removeCustomization removes a customization","duration":5.40219999999681,"failureMessages":[],"meta":{},"tags":[]},{"ancestorTitles":["customization"],"fullName":"customization resetToDefaults clears all customizations","status":"passed","title":"resetToDefaults clears all customizations","duration":14.7612999999983,"failureMessages":[],"meta":{},"tags":[]},{"ancestorTitles":["customization"],"fullName":"customization getEffectiveKeys returns default keys when no customization","status":"passed","title":"getEffectiveKeys returns default keys when no customization","duration":5.54030000000057,"failureMessages":[],"meta":{},"tags":[]},{"ancestorTitles":["customization"],"fullName":"customization getEffectiveKeys returns custom keys when customization exists","status":"passed","title":"getEffectiveKeys returns custom keys when customization exists","duration":5.3483999999953085,"failureMessages":[],"meta":{},"tags":[]},{"ancestorTitles":["customization"],"fullName":"customization getEffectiveKeys returns empty keys for nonexistent shortcut","status":"passed","title":"getEffectiveKeys returns empty keys for nonexistent shortcut","duration":22.289700000001176,"failureMessages":[],"meta":{},"tags":[]},{"ancestorTitles":["customization"],"fullName":"customization persists customizations to localStorage","status":"passed","title":"persists customizations to localStorage","duration":5.238100000002305,"failureMessages":[],"meta":{},"tags":[]},{"ancestorTitles":["customization"],"fullName":"customization loads customizations from localStorage on mount","status":"passed","title":"loads customizations from localStorage on mount","duration":4.307600000000093,"failureMessages":[],"meta":{},"tags":[]},{"ancestorTitles":["customization"],"fullName":"customization removes localStorage when resetToDefaults is called","status":"passed","title":"removes localStorage when resetToDefaults is called","duration":5.346000000005006,"failureMessages":[],"meta":{},"tags":[]}],"startTime":1785264908758,"endTime":1785264909829.346,"status":"failed","message":"","name":"C:/Users/LENOVO/Desktop/oracle/src/hooks/keyboard-shortcuts-context.test.tsx"},{"assertionResults":[{"ancestorTitles":["AnalyticsTab","empty state"],"fullName":"AnalyticsTab empty state renders the empty state when no usage data exists","status":"passed","title":"renders the empty state when no usage data exists","duration":385.2117999999973,"failureMessages":[],"meta":{},"tags":[]},{"ancestorTitles":["AnalyticsTab","empty state"],"fullName":"AnalyticsTab empty state shows total cost and request count in empty state","status":"passed","title":"shows total cost and request count in empty state","duration":80.74089999999705,"failureMessages":[],"meta":{},"tags":[]},{"ancestorTitles":["AnalyticsTab","empty state"],"fullName":"AnalyticsTab empty state does not show charts when data is empty","status":"passed","title":"does not show charts when data is empty","duration":51.14870000000519,"failureMessages":[],"meta":{},"tags":[]},{"ancestorTitles":["AnalyticsTab","time range switching"],"fullName":"AnalyticsTab time range switching renders all time range buttons","status":"passed","title":"renders all time range buttons","duration":67.7606999999989,"failureMessages":[],"meta":{},"tags":[]},{"ancestorTitles":["AnalyticsTab","time range switching"],"fullName":"AnalyticsTab time range switching defaults to 7 Days range","status":"passed","title":"defaults to 7 Days range","duration":20.046000000002095,"failureMessages":[],"meta":{},"tags":[]},{"ancestorTitles":["AnalyticsTab","time range switching"],"fullName":"AnalyticsTab time range switching switches to 24 Hours when clicked","status":"passed","title":"switches to 24 Hours when clicked","duration":1091.910600000003,"failureMessages":[],"meta":{},"tags":[]},{"ancestorTitles":["AnalyticsTab","time range switching"],"fullName":"AnalyticsTab time range switching switches to 30 Days when clicked","status":"passed","title":"switches to 30 Days when clicked","duration":196.1201000000001,"failureMessages":[],"meta":{},"tags":[]},{"ancestorTitles":["AnalyticsTab","time range switching"],"fullName":"AnalyticsTab time range switching switches to All Time when clicked","status":"passed","title":"switches to All Time when clicked","duration":106.9542999999976,"failureMessages":[],"meta":{},"tags":[]},{"ancestorTitles":["AnalyticsTab","chart type toggle"],"fullName":"AnalyticsTab chart type toggle defaults to area chart","status":"passed","title":"defaults to area chart","duration":287.69520000000193,"failureMessages":[],"meta":{},"tags":[]},{"ancestorTitles":["AnalyticsTab","chart type toggle"],"fullName":"AnalyticsTab chart type toggle switches to bar chart when clicked","status":"passed","title":"switches to bar chart when clicked","duration":589.5308999999979,"failureMessages":[],"meta":{},"tags":[]},{"ancestorTitles":["AnalyticsTab","stat cards"],"fullName":"AnalyticsTab stat cards shows stat cards with data","status":"passed","title":"shows stat cards with data","duration":150.67929999998887,"failureMessages":[],"meta":{},"tags":[]},{"ancestorTitles":["AnalyticsTab","stat cards"],"fullName":"AnalyticsTab stat cards shows correct request count","status":"passed","title":"shows correct request count","duration":169.6996999999974,"failureMessages":[],"meta":{},"tags":[]},{"ancestorTitles":["AnalyticsTab","stat cards"],"fullName":"AnalyticsTab stat cards shows zero stats when no data in range","status":"passed","title":"shows zero stats when no data in range","duration":138.16999999999825,"failureMessages":[],"meta":{},"tags":[]},{"ancestorTitles":["AnalyticsTab","charts"],"fullName":"AnalyticsTab charts renders chart cards when data exists","status":"passed","title":"renders chart cards when data exists","duration":171.34429999999702,"failureMessages":[],"meta":{},"tags":[]},{"ancestorTitles":["AnalyticsTab","charts"],"fullName":"AnalyticsTab charts renders the recent requests table","status":"passed","title":"renders the recent requests table","duration":119.09530000000086,"failureMessages":[],"meta":{},"tags":[]},{"ancestorTitles":["AnalyticsTab","charts"],"fullName":"AnalyticsTab charts renders provider legend in pie chart","status":"passed","title":"renders provider legend in pie chart","duration":83.43360000000393,"failureMessages":[],"meta":{},"tags":[]},{"ancestorTitles":["AnalyticsTab","reset button"],"fullName":"AnalyticsTab reset button shows reset button when data exists","status":"passed","title":"shows reset button when data exists","duration":129.00759999999718,"failureMessages":[],"meta":{},"tags":[]},{"ancestorTitles":["AnalyticsTab","reset button"],"fullName":"AnalyticsTab reset button hides reset button when no data","status":"passed","title":"hides reset button when no data","duration":15.268099999986589,"failureMessages":[],"meta":{},"tags":[]},{"ancestorTitles":["AnalyticsTab","reset button"],"fullName":"AnalyticsTab reset button calls resetCosts when reset button is clicked","status":"passed","title":"calls resetCosts when reset button is clicked","duration":197.19220000000496,"failureMessages":[],"meta":{},"tags":[]},{"ancestorTitles":["AnalyticsTab","usage table"],"fullName":"AnalyticsTab usage table shows table headers","status":"passed","title":"shows table headers","duration":68.92819999999483,"failureMessages":[],"meta":{},"tags":[]},{"ancestorTitles":["AnalyticsTab","usage table"],"fullName":"AnalyticsTab usage table shows model name in table rows","status":"passed","title":"shows model name in table rows","duration":50.86130000000412,"failureMessages":[],"meta":{},"tags":[]},{"ancestorTitles":["AnalyticsTab","usage table"],"fullName":"AnalyticsTab usage table shows Free for zero-cost requests","status":"passed","title":"shows Free for zero-cost requests","duration":72.18270000000484,"failureMessages":[],"meta":{},"tags":[]},{"ancestorTitles":["AnalyticsTab","usage table"],"fullName":"AnalyticsTab usage table shows INR cost for non-zero cost requests","status":"passed","title":"shows INR cost for non-zero cost requests","duration":29.703699999998207,"failureMessages":[],"meta":{},"tags":[]},{"ancestorTitles":["AnalyticsTab","usage table"],"fullName":"AnalyticsTab usage table shows task type in table rows","status":"passed","title":"shows task type in table rows","duration":44.990300000004936,"failureMessages":[],"meta":{},"tags":[]},{"ancestorTitles":["AnalyticsTab","usage table"],"fullName":"AnalyticsTab usage table shows dash for missing task type","status":"passed","title":"shows dash for missing task type","duration":22.535000000003492,"failureMessages":[],"meta":{},"tags":[]},{"ancestorTitles":["AnalyticsTab","time range persistence"],"fullName":"AnalyticsTab time range persistence restores time range from localStorage on mount","status":"passed","title":"restores time range from localStorage on mount","duration":32.10250000000815,"failureMessages":[],"meta":{},"tags":[]}],"startTime":1785267942106,"endTime":1785267946481.1025,"status":"passed","message":"","name":"C:/Users/LENOVO/Desktop/oracle/src/components/oracle/AnalyticsTab.test.tsx"},{"assertionResults":[{"ancestorTitles":["AppShell"],"fullName":"AppShell renders the default agent tab with ChatPanel","status":"passed","title":"renders the default agent tab with ChatPanel","duration":266.1136000000115,"failureMessages":[],"meta":{},"tags":[]},{"ancestorTitles":["AppShell"],"fullName":"AppShell renders sidebar when active tab is agent","status":"passed","title":"renders sidebar when active tab is agent","duration":12.757700000001932,"failureMessages":[],"meta":{},"tags":[]},{"ancestorTitles":["AppShell"],"fullName":"AppShell calls router.push when header tab is changed","status":"passed","title":"calls router.push when header tab is changed","duration":122.75140000000829,"failureMessages":[],"meta":{},"tags":[]},{"ancestorTitles":["AppShell"],"fullName":"AppShell calls router.push with projects tab","status":"passed","title":"calls router.push with projects tab","duration":85.82510000000184,"failureMessages":[],"meta":{},"tags":[]},{"ancestorTitles":["AppShell"],"fullName":"AppShell opens command palette with Ctrl+K","status":"passed","title":"opens command palette with Ctrl+K","duration":24.03729999999632,"failureMessages":[],"meta":{},"tags":[]},{"ancestorTitles":["AppShell"],"fullName":"AppShell opens command palette with Cmd+K on Mac","status":"passed","title":"opens command palette with Cmd+K on Mac","duration":73.55240000000049,"failureMessages":[],"meta":{},"tags":[]},{"ancestorTitles":["AppShell"],"fullName":"AppShell toggles shortcuts help with Ctrl+/","status":"passed","title":"toggles shortcuts help with Ctrl+/","duration":133.6600000000035,"failureMessages":[],"meta":{},"tags":[]},{"ancestorTitles":["AppShell"],"fullName":"AppShell closes modals with Escape key","status":"passed","title":"closes modals with Escape key","duration":15.325700000001234,"failureMessages":[],"meta":{},"tags":[]},{"ancestorTitles":["AppShell"],"fullName":"AppShell hides sidebar when active tab is not agent","status":"passed","title":"hides sidebar when active tab is not agent","duration":86.14650000000256,"failureMessages":[],"meta":{},"tags":[]},{"ancestorTitles":["ShortcutsModal"],"fullName":"ShortcutsModal displays keyboard shortcuts list","status":"passed","title":"displays keyboard shortcuts list","duration":37.08179999999993,"failureMessages":[],"meta":{},"tags":[]},{"ancestorTitles":["ShortcutsModal"],"fullName":"ShortcutsModal closes when backdrop is clicked","status":"passed","title":"closes when backdrop is clicked","duration":1547.274900000004,"failureMessages":[],"meta":{},"tags":[]}],"startTime":1785268014055,"endTime":1785268016461.275,"status":"passed","message":"","name":"C:/Users/LENOVO/Desktop/oracle/src/components/oracle/AppShell.test.tsx"},{"assertionResults":[{"ancestorTitles":["BrandAssetsPanel"],"fullName":"BrandAssetsPanel renders the header","status":"passed","title":"renders the header","duration":341.46339999999327,"failureMessages":[],"meta":{},"tags":[]},{"ancestorTitles":["BrandAssetsPanel"],"fullName":"BrandAssetsPanel renders stat cards","status":"passed","title":"renders stat cards","duration":142.24340000000666,"failureMessages":[],"meta":{},"tags":[]},{"ancestorTitles":["BrandAssetsPanel"],"fullName":"BrandAssetsPanel shows empty state initially","status":"passed","title":"shows empty state initially","duration":51.064100000003236,"failureMessages":[],"meta":{},"tags":[]},{"ancestorTitles":["BrandAssetsPanel"],"fullName":"BrandAssetsPanel renders font pairing reference","status":"passed","title":"renders font pairing reference","duration":76.5225999999966,"failureMessages":[],"meta":{},"tags":[]},{"ancestorTitles":["BrandAssetsPanel"],"fullName":"BrandAssetsPanel Add Asset button toggles form","status":"passed","title":"Add Asset button toggles form","duration":216.62480000000505,"failureMessages":[],"meta":{},"tags":[]},{"ancestorTitles":["BrandAssetsPanel"],"fullName":"BrandAssetsPanel can add a color asset","status":"passed","title":"can add a color asset","duration":348.790599999993,"failureMessages":[],"meta":{},"tags":[]}],"startTime":1785268232377,"endTime":1785268233554.7905,"status":"passed","message":"","name":"C:/Users/LENOVO/Desktop/oracle/src/components/oracle/BrandAssetsPanel.test.tsx"},{"assertionResults":[{"ancestorTitles":["createChatPanelMockInstances"],"fullName":"createChatPanelMockInstances returns an object with all expected keys","status":"passed","title":"returns an object with all expected keys","duration":7.76600000000326,"failureMessages":[],"meta":{},"tags":[]},{"ancestorTitles":["createChatPanelMockInstances"],"fullName":"createChatPanelMockInstances mockNanoid is callable and returns sequential IDs","status":"passed","title":"mockNanoid is callable and returns sequential IDs","duration":1.5169999999998254,"failureMessages":[],"meta":{},"tags":[]},{"ancestorTitles":["createChatPanelMockInstances"],"fullName":"createChatPanelMockInstances resetNanoid resets counter and clears mock calls","status":"passed","title":"resetNanoid resets counter and clears mock calls","duration":1.2866999999969266,"failureMessages":[],"meta":{},"tags":[]},{"ancestorTitles":["createChatPanelMockInstances"],"fullName":"createChatPanelMockInstances mockToast and mockToastError are callable vi.fn instances","status":"passed","title":"mockToast and mockToastError are callable vi.fn instances","duration":4.890699999996286,"failureMessages":[],"meta":{},"tags":[]},{"ancestorTitles":["createChatPanelMockInstances"],"fullName":"createChatPanelMockInstances resetToastMocks clears both toast mocks","status":"passed","title":"resetToastMocks clears both toast mocks","duration":3.162400000001071,"failureMessages":[],"meta":{},"tags":[]},{"ancestorTitles":["createChatPanelMockInstances"],"fullName":"createChatPanelMockInstances mockRunOperatingLoop returns a resolved promise with empty array","status":"passed","title":"mockRunOperatingLoop returns a resolved promise with empty array","duration":2.3703999999997905,"failureMessages":[],"meta":{},"tags":[]},{"ancestorTitles":["createChatPanelMockInstances"],"fullName":"createChatPanelMockInstances analyzeTask returns default task analysis","status":"passed","title":"analyzeTask returns default task analysis","duration":2.419099999999162,"failureMessages":[],"meta":{},"tags":[]},{"ancestorTitles":["createChatPanelMockInstances"],"fullName":"createChatPanelMockInstances mockLoadGuardConfig returns default config","status":"passed","title":"mockLoadGuardConfig returns default config","duration":1.940999999998894,"failureMessages":[],"meta":{},"tags":[]},{"ancestorTitles":["createChatPanelMockInstances"],"fullName":"createChatPanelMockInstances mockRunHallucinationGuard returns a resolved promise with default assessment","status":"passed","title":"mockRunHallucinationGuard returns a resolved promise with default assessment","duration":2.023699999997916,"failureMessages":[],"meta":{},"tags":[]},{"ancestorTitles":["createChatPanelMockInstances"],"fullName":"createChatPanelMockInstances streamingEnabledRef starts with current=true","status":"passed","title":"streamingEnabledRef starts with current=true","duration":2.394000000000233,"failureMessages":[],"meta":{},"tags":[]},{"ancestorTitles":["createChatPanelMockInstances"],"fullName":"createChatPanelMockInstances streamingEnabledRef.current can be toggled","status":"passed","title":"streamingEnabledRef.current can be toggled","duration":1.5722999999998137,"failureMessages":[],"meta":{},"tags":[]},{"ancestorTitles":["createChatPanelMockInstances"],"fullName":"createChatPanelMockInstances mockAddCost, mockAddUsageRecord, mockRecordLearning, mockRecordProviderHealth are callable","status":"passed","title":"mockAddCost, mockAddUsageRecord, mockRecordLearning, mockRecordProviderHealth are callable","duration":4.4421000000002095,"failureMessages":[],"meta":{},"tags":[]},{"ancestorTitles":["createChatPanelMockFactories"],"fullName":"createChatPanelMockFactories returns an object with all expected factory keys","status":"passed","title":"returns an object with all expected factory keys","duration":5.372499999997672,"failureMessages":[],"meta":{},"tags":[]},{"ancestorTitles":["createChatPanelMockFactories"],"fullName":"createChatPanelMockFactories nanoid factory exposes the mockNanoid from instances","status":"passed","title":"nanoid factory exposes the mockNanoid from instances","duration":1.7531999999991967,"failureMessages":[],"meta":{},"tags":[]},{"ancestorTitles":["createChatPanelMockFactories"],"fullName":"createChatPanelMockFactories designTokens factory has expected shape","status":"passed","title":"designTokens factory has expected shape","duration":1.8887000000031549,"failureMessages":[],"meta":{},"tags":[]},{"ancestorTitles":["createChatPanelMockFactories"],"fullName":"createChatPanelMockFactories router factory has NeverStopRouter.calculateCost","status":"passed","title":"router factory has NeverStopRouter.calculateCost","duration":2.705600000001141,"failureMessages":[],"meta":{},"tags":[]},{"ancestorTitles":["createChatPanelMockFactories"],"fullName":"createChatPanelMockFactories routerStore factory reads streamingEnabled from ref at call time","status":"passed","title":"routerStore factory reads streamingEnabled from ref at call time","duration":48.22400000000198,"failureMessages":[],"meta":{},"tags":[]},{"ancestorTitles":["createChatPanelMockFactories"],"fullName":"createChatPanelMockFactories api factory has conversationsApi with list/get/create/update/delete","status":"passed","title":"api factory has conversationsApi with list/get/create/update/delete","duration":2.2352000000028056,"failureMessages":[],"meta":{},"tags":[]},{"ancestorTitles":["createChatPanelMockFactories"],"fullName":"createChatPanelMockFactories taskAnalyzer factory exposes analyzeTask from instances","status":"passed","title":"taskAnalyzer factory exposes analyzeTask from instances","duration":1.492900000004738,"failureMessages":[],"meta":{},"tags":[]},{"ancestorTitles":["createChatPanelMockFactories"],"fullName":"createChatPanelMockFactories providerHealth factory exposes recordProviderHealth from instances","status":"passed","title":"providerHealth factory exposes recordProviderHealth from instances","duration":1.7218999999968219,"failureMessages":[],"meta":{},"tags":[]},{"ancestorTitles":["createChatPanelMockFactories"],"fullName":"createChatPanelMockFactories agencyOperations factory has runOperatingLoop from instances","status":"passed","title":"agencyOperations factory has runOperatingLoop from instances","duration":1.794000000001688,"failureMessages":[],"meta":{},"tags":[]},{"ancestorTitles":["createChatPanelMockFactories"],"fullName":"createChatPanelMockFactories toast factory wraps mockToast and mockToastError","status":"passed","title":"toast factory wraps mockToast and mockToastError","duration":2.681299999996554,"failureMessages":[],"meta":{},"tags":[]},{"ancestorTitles":["createChatPanelMockFactories"],"fullName":"createChatPanelMockFactories hallucinationGuard factory wraps guard mocks","status":"passed","title":"hallucinationGuard factory wraps guard mocks","duration":2.31420000000071,"failureMessages":[],"meta":{},"tags":[]},{"ancestorTitles":["createChatPanelMockFactories"],"fullName":"createChatPanelMockFactories workflowValidation factory has VALID_AGENTS array","status":"passed","title":"workflowValidation factory has VALID_AGENTS array","duration":3.7857999999978347,"failureMessages":[],"meta":{},"tags":[]},{"ancestorTitles":["createChatPanelMockFactories"],"fullName":"createChatPanelMockFactories editorGate factory has all expected keys","status":"passed","title":"editorGate factory has all expected keys","duration":2.250899999999092,"failureMessages":[],"meta":{},"tags":[]},{"ancestorTitles":["createChatPanelMockFactories"],"fullName":"createChatPanelMockFactories editorGate.runEditorGate resolves with default assessment","status":"passed","title":"editorGate.runEditorGate resolves with default assessment","duration":2.3533000000024913,"failureMessages":[],"meta":{},"tags":[]},{"ancestorTitles":["createChatPanelMockFactories"],"fullName":"createChatPanelMockFactories editorGate.loadEditorConfig returns default config","status":"passed","title":"editorGate.loadEditorConfig returns default config","duration":1.6203000000023167,"failureMessages":[],"meta":{},"tags":[]},{"ancestorTitles":["createChatPanelMockFactories"],"fullName":"createChatPanelMockFactories editorGate.DEFAULT_EDITOR_CONFIG matches loadEditorConfig default","status":"passed","title":"editorGate.DEFAULT_EDITOR_CONFIG matches loadEditorConfig default","duration":1.3826999999946565,"failureMessages":[],"meta":{},"tags":[]},{"ancestorTitles":["createChatPanelMockFactories"],"fullName":"createChatPanelMockFactories editorGate.saveEditorConfig is callable","status":"passed","title":"editorGate.saveEditorConfig is callable","duration":1.5118000000002212,"failureMessages":[],"meta":{},"tags":[]},{"ancestorTitles":["createChatPanelMockFactories"],"fullName":"createChatPanelMockFactories outputQualityEvaluator factory has evaluateOutput key","status":"passed","title":"outputQualityEvaluator factory has evaluateOutput key","duration":1.4487999999983003,"failureMessages":[],"meta":{},"tags":[]},{"ancestorTitles":["createChatPanelMockFactories"],"fullName":"createChatPanelMockFactories outputQualityEvaluator.evaluateOutput returns default evaluation","status":"passed","title":"outputQualityEvaluator.evaluateOutput returns default evaluation","duration":2.5544000000008964,"failureMessages":[],"meta":{},"tags":[]},{"ancestorTitles":["createChatPanelMockFactories"],"fullName":"createChatPanelMockFactories outputQualityEvaluator.evaluateOutput is callable with no args","status":"passed","title":"outputQualityEvaluator.evaluateOutput is callable with no args","duration":95.24140000000625,"failureMessages":[],"meta":{},"tags":[]},{"ancestorTitles":["createChatPanelMockFactories"],"fullName":"createChatPanelMockFactories feedbackBridge factory has all expected keys","status":"passed","title":"feedbackBridge factory has all expected keys","duration":2.7184000000052038,"failureMessages":[],"meta":{},"tags":[]},{"ancestorTitles":["createChatPanelMockFactories"],"fullName":"createChatPanelMockFactories feedbackBridge.attachQualityToTraining is callable","status":"passed","title":"feedbackBridge.attachQualityToTraining is callable","duration":1.9676000000035856,"failureMessages":[],"meta":{},"tags":[]},{"ancestorTitles":["createChatPanelMockFactories"],"fullName":"createChatPanelMockFactories feedbackBridge.recordMessageFeedback is callable","status":"passed","title":"feedbackBridge.recordMessageFeedback is callable","duration":2.130799999998999,"failureMessages":[],"meta":{},"tags":[]},{"ancestorTitles":["createChatPanelMockFactories"],"fullName":"createChatPanelMockFactories feedbackBridge.recordGuardVerdict is callable","status":"passed","title":"feedbackBridge.recordGuardVerdict is callable","duration":3.2581999999965774,"failureMessages":[],"meta":{},"tags":[]}],"startTime":1785267770535,"endTime":1785267770769.2583,"status":"passed","message":"","name":"C:/Users/LENOVO/Desktop/oracle/src/components/oracle/chat-panel-mock-factories.smoke.test.ts"},{"assertionResults":[{"ancestorTitles":["ChatHeader feature gating"],"fullName":"ChatHeader feature gating renders agent selector button","status":"passed","title":"renders agent selector button","duration":212.2225000000035,"failureMessages":[],"meta":{},"tags":[]},{"ancestorTitles":["ChatHeader feature gating"],"fullName":"ChatHeader feature gating core agents are selectable for starter users","status":"passed","title":"core agents are selectable for starter users","duration":86.81539999999222,"failureMessages":[],"meta":{},"tags":[]},{"ancestorTitles":["ChatHeader feature gating"],"fullName":"ChatHeader feature gating locked agents show lock icon for starter users","status":"passed","title":"locked agents show lock icon for starter users","duration":113.36190000000352,"failureMessages":[],"meta":{},"tags":[]},{"ancestorTitles":["ChatHeader feature gating"],"fullName":"ChatHeader feature gating locked agents have aria-disabled for starter users","status":"passed","title":"locked agents have aria-disabled for starter users","duration":968.8036999999895,"failureMessages":[],"meta":{},"tags":[]},{"ancestorTitles":["ChatHeader feature gating"],"fullName":"ChatHeader feature gating clicking a locked agent opens the upgrade modal","status":"passed","title":"clicking a locked agent opens the upgrade modal","duration":74.53100000000268,"failureMessages":[],"meta":{},"tags":[]},{"ancestorTitles":["ChatHeader feature gating"],"fullName":"ChatHeader feature gating clicking a locked agency agent opens upgrade modal with agency plan","status":"passed","title":"clicking a locked agency agent opens upgrade modal with agency plan","duration":19.359700000000885,"failureMessages":[],"meta":{},"tags":[]},{"ancestorTitles":["ChatHeader feature gating"],"fullName":"ChatHeader feature gating no lock icons on pro-level agents for pro users","status":"passed","title":"no lock icons on pro-level agents for pro users","duration":153.37940000000526,"failureMessages":[],"meta":{},"tags":[]},{"ancestorTitles":["ChatHeader feature gating"],"fullName":"ChatHeader feature gating agency agents show lock for pro users","status":"passed","title":"agency agents show lock for pro users","duration":22.705300000001444,"failureMessages":[],"meta":{},"tags":[]},{"ancestorTitles":["ChatHeader feature gating"],"fullName":"ChatHeader feature gating all agents selectable for agency users","status":"passed","title":"all agents selectable for agency users","duration":57.57280000000901,"failureMessages":[],"meta":{},"tags":[]},{"ancestorTitles":["ChatHeader feature gating"],"fullName":"ChatHeader feature gating upgrade modal can be closed","status":"passed","title":"upgrade modal can be closed","duration":24.650699999998324,"failureMessages":[],"meta":{},"tags":[]},{"ancestorTitles":["ChatHeader feature gating"],"fullName":"ChatHeader feature gating e2e: starter clicks locked agent → sees upgrade modal → clicks View Plans → redirects to /pricing","status":"passed","title":"e2e: starter clicks locked agent → sees upgrade modal → clicks View Plans → redirects to /pricing","duration":68.8984000000055,"failureMessages":[],"meta":{},"tags":[]},{"ancestorTitles":["ChatHeader feature gating"],"fullName":"ChatHeader feature gating e2e: starter clicks agency-locked agent → modal shows agency plan → View Plans links to /pricing","status":"passed","title":"e2e: starter clicks agency-locked agent → modal shows agency plan → View Plans links to /pricing","duration":18.052599999995437,"failureMessages":[],"meta":{},"tags":[]}],"startTime":1785267964162,"endTime":1785267965983.0525,"status":"passed","message":"","name":"C:/Users/LENOVO/Desktop/oracle/src/components/oracle/ChatHeader.test.tsx"},{"assertionResults":[{"ancestorTitles":["ChatInputArea feature gating"],"fullName":"ChatInputArea feature gating shows lock icon for locked agent on starter plan","status":"passed","title":"shows lock icon for locked agent on starter plan","duration":470.0378999999957,"failureMessages":[],"meta":{},"tags":[]},{"ancestorTitles":["ChatInputArea feature gating"],"fullName":"ChatInputArea feature gating shows Requires Pro plan text for locked agent on starter plan","status":"passed","title":"shows Requires Pro plan text for locked agent on starter plan","duration":34.83949999998731,"failureMessages":[],"meta":{},"tags":[]},{"ancestorTitles":["ChatInputArea feature gating"],"fullName":"ChatInputArea feature gating shows Upgrade link for locked agent","status":"passed","title":"shows Upgrade link for locked agent","duration":74.66259999999602,"failureMessages":[],"meta":{},"tags":[]},{"ancestorTitles":["ChatInputArea feature gating"],"fullName":"ChatInputArea feature gating shows oracle-cta-pulse class on upgrade link","status":"passed","title":"shows oracle-cta-pulse class on upgrade link","duration":24.223100000002887,"failureMessages":[],"meta":{},"tags":[]},{"ancestorTitles":["ChatInputArea feature gating"],"fullName":"ChatInputArea feature gating does not show lock icon for allowed agent on starter plan","status":"passed","title":"does not show lock icon for allowed agent on starter plan","duration":82.66509999999835,"failureMessages":[],"meta":{},"tags":[]},{"ancestorTitles":["ChatInputArea feature gating"],"fullName":"ChatInputArea feature gating does not show Upgrade link for allowed agent","status":"passed","title":"does not show Upgrade link for allowed agent","duration":16.769899999999325,"failureMessages":[],"meta":{},"tags":[]},{"ancestorTitles":["ChatInputArea feature gating"],"fullName":"ChatInputArea feature gating does not show lock icon for developer on pro plan","status":"passed","title":"does not show lock icon for developer on pro plan","duration":14.36720000000787,"failureMessages":[],"meta":{},"tags":[]},{"ancestorTitles":["ChatInputArea feature gating"],"fullName":"ChatInputArea feature gating shows Switch to Orchestrator button for non-orchestrator allowed agents","status":"passed","title":"shows Switch to Orchestrator button for non-orchestrator allowed agents","duration":37.84329999999318,"failureMessages":[],"meta":{},"tags":[]},{"ancestorTitles":["ChatInputArea feature gating"],"fullName":"ChatInputArea feature gating does not show Switch to Orchestrator for orchestrator agent","status":"passed","title":"does not show Switch to Orchestrator for orchestrator agent","duration":62.26699999999255,"failureMessages":[],"meta":{},"tags":[]},{"ancestorTitles":["ChatInputArea feature gating"],"fullName":"ChatInputArea feature gating shows orchestrator emoji for orchestrator agent","status":"passed","title":"shows orchestrator emoji for orchestrator agent","duration":23.007199999992736,"failureMessages":[],"meta":{},"tags":[]},{"ancestorTitles":["ChatInputArea feature gating"],"fullName":"ChatInputArea feature gating shows lock icon instead of agent emoji for locked agent","status":"passed","title":"shows lock icon instead of agent emoji for locked agent","duration":92.22390000001178,"failureMessages":[],"meta":{},"tags":[]},{"ancestorTitles":["ChatInputArea feature gating"],"fullName":"ChatInputArea feature gating renders textarea for chat input","status":"passed","title":"renders textarea for chat input","duration":14.844100000002072,"failureMessages":[],"meta":{},"tags":[]},{"ancestorTitles":["ChatInputArea feature gating"],"fullName":"ChatInputArea feature gating renders send button","status":"passed","title":"renders send button","duration":8.316500000000815,"failureMessages":[],"meta":{},"tags":[]},{"ancestorTitles":["ChatInputArea feature gating"],"fullName":"ChatInputArea feature gating send button is disabled when input is empty","status":"passed","title":"send button is disabled when input is empty","duration":90.67960000000312,"failureMessages":[],"meta":{},"tags":[]},{"ancestorTitles":["ChatInputArea feature gating"],"fullName":"ChatInputArea feature gating send button is enabled when input has text","status":"passed","title":"send button is enabled when input has text","duration":15.884900000004563,"failureMessages":[],"meta":{},"tags":[]},{"ancestorTitles":["ChatInputArea feature gating"],"fullName":"ChatInputArea feature gating shows daily usage indicator when provided","status":"passed","title":"shows daily usage indicator when provided","duration":29.048399999999674,"failureMessages":[],"meta":{},"tags":[]},{"ancestorTitles":["ChatInputArea feature gating"],"fullName":"ChatInputArea feature gating shows upgrade link when daily limit is reached","status":"passed","title":"shows upgrade link when daily limit is reached","duration":10.34309999999823,"failureMessages":[],"meta":{},"tags":[]}],"startTime":1785268017352,"endTime":1785268018455.343,"status":"passed","message":"","name":"C:/Users/LENOVO/Desktop/oracle/src/components/oracle/ChatInputArea.test.tsx"},{"assertionResults":[{"ancestorTitles":["CommandCenterDashboard"],"fullName":"CommandCenterDashboard renders without crashing on empty data","status":"passed","title":"renders without crashing on empty data","duration":2344.845000000001,"failureMessages":[],"meta":{},"tags":[]},{"ancestorTitles":["CommandCenterDashboard"],"fullName":"CommandCenterDashboard renders header after loading","status":"passed","title":"renders header after loading","duration":336.80809999999474,"failureMessages":[],"meta":{},"tags":[]},{"ancestorTitles":["CommandCenterDashboard"],"fullName":"CommandCenterDashboard renders error state when loadMetrics throws","status":"passed","title":"renders error state when loadMetrics throws","duration":13.560000000012224,"failureMessages":[],"meta":{},"tags":[]},{"ancestorTitles":["CommandCenterDashboard"],"fullName":"CommandCenterDashboard Retry button re-attempts loading after error","status":"passed","title":"Retry button re-attempts loading after error","duration":158.6377999999968,"failureMessages":[],"meta":{},"tags":[]},{"ancestorTitles":["CommandCenterDashboard"],"fullName":"CommandCenterDashboard renders metric cards with correct titles","status":"passed","title":"renders metric cards with correct titles","duration":120.79439999999886,"failureMessages":[],"meta":{},"tags":[]},{"ancestorTitles":["CommandCenterDashboard"],"fullName":"CommandCenterDashboard renders metric cards with data from mocks","status":"passed","title":"renders metric cards with data from mocks","duration":166.56010000000242,"failureMessages":[],"meta":{},"tags":[]},{"ancestorTitles":["CommandCenterDashboard"],"fullName":"CommandCenterDashboard renders Agent Health card","status":"passed","title":"renders Agent Health card","duration":293.4310000000114,"failureMessages":[],"meta":{},"tags":[]},{"ancestorTitles":["CommandCenterDashboard"],"fullName":"CommandCenterDashboard renders Self-Training card with training data","status":"passed","title":"renders Self-Training card with training data","duration":125.36879999999655,"failureMessages":[],"meta":{},"tags":[]},{"ancestorTitles":["CommandCenterDashboard"],"fullName":"CommandCenterDashboard renders Revenue card with INR formatting","status":"passed","title":"renders Revenue card with INR formatting","duration":182.36710000000312,"failureMessages":[],"meta":{},"tags":[]},{"ancestorTitles":["CommandCenterDashboard"],"fullName":"CommandCenterDashboard renders Quality Score card with color coding","status":"passed","title":"renders Quality Score card with color coding","duration":115.89340000000084,"failureMessages":[],"meta":{},"tags":[]},{"ancestorTitles":["CommandCenterDashboard"],"fullName":"CommandCenterDashboard renders Task Status card","status":"passed","title":"renders Task Status card","duration":137.65589999999793,"failureMessages":[],"meta":{},"tags":[]},{"ancestorTitles":["CommandCenterDashboard"],"fullName":"CommandCenterDashboard renders System Health card with emergency stop status","status":"passed","title":"renders System Health card with emergency stop status","duration":198.2344000000012,"failureMessages":[],"meta":{},"tags":[]},{"ancestorTitles":["CommandCenterDashboard"],"fullName":"CommandCenterDashboard renders System Health with inactive emergency stop","status":"passed","title":"renders System Health with inactive emergency stop","duration":108.66230000001087,"failureMessages":[],"meta":{},"tags":[]},{"ancestorTitles":["CommandCenterDashboard"],"fullName":"CommandCenterDashboard renders all time range buttons","status":"passed","title":"renders all time range buttons","duration":236.13910000000033,"failureMessages":[],"meta":{},"tags":[]},{"ancestorTitles":["CommandCenterDashboard"],"fullName":"CommandCenterDashboard switches time range on click","status":"passed","title":"switches time range on click","duration":299.67239999999583,"failureMessages":[],"meta":{},"tags":[]},{"ancestorTitles":["CommandCenterDashboard"],"fullName":"CommandCenterDashboard Refresh button is present and clickable","status":"passed","title":"Refresh button is present and clickable","duration":93.11840000000666,"failureMessages":[],"meta":{},"tags":[]},{"ancestorTitles":["CommandCenterDashboard"],"fullName":"CommandCenterDashboard shows auto-refresh footer","status":"passed","title":"shows auto-refresh footer","duration":83.87720000000263,"failureMessages":[],"meta":{},"tags":[]},{"ancestorTitles":["CommandCenterDashboard"],"fullName":"CommandCenterDashboard shows up trend icon for improving quality","status":"passed","title":"shows up trend icon for improving quality","duration":49.85360000000219,"failureMessages":[],"meta":{},"tags":[]},{"ancestorTitles":["CommandCenterDashboard"],"fullName":"CommandCenterDashboard shows down trend icon for declining quality","status":"passed","title":"shows down trend icon for declining quality","duration":59.79690000000119,"failureMessages":[],"meta":{},"tags":[]},{"ancestorTitles":["CommandCenterDashboard"],"fullName":"CommandCenterDashboard shows Down badge when agents are down","status":"passed","title":"shows Down badge when agents are down","duration":56.19560000000638,"failureMessages":[],"meta":{},"tags":[]},{"ancestorTitles":["CommandCenterDashboard"],"fullName":"CommandCenterDashboard shows Healthy badge when all agents are healthy","status":"passed","title":"shows Healthy badge when all agents are healthy","duration":37.51720000000205,"failureMessages":[],"meta":{},"tags":[]},{"ancestorTitles":["CommandCenterDashboard"],"fullName":"CommandCenterDashboard handles non-Error exceptions gracefully","status":"passed","title":"handles non-Error exceptions gracefully","duration":20.694600000002538,"failureMessages":[],"meta":{},"tags":[]}],"startTime":1785267801274,"endTime":1785267806514.6946,"status":"passed","message":"","name":"C:/Users/LENOVO/Desktop/oracle/src/components/oracle/CommandCenterDashboard.test.tsx"},{"assertionResults":[{"ancestorTitles":["CostDashboard"],"fullName":"CostDashboard shows loading state initially","status":"passed","title":"shows loading state initially","duration":447.453499999996,"failureMessages":[],"meta":{},"tags":[]},{"ancestorTitles":["CostDashboard"],"fullName":"CostDashboard shows empty state when no overview data","status":"passed","title":"shows empty state when no overview data","duration":249.79940000000352,"failureMessages":[],"meta":{},"tags":[]},{"ancestorTitles":["CostDashboard"],"fullName":"CostDashboard renders cost overview cards","status":"passed","title":"renders cost overview cards","duration":827.4398999999976,"failureMessages":[],"meta":{},"tags":[]},{"ancestorTitles":["CostDashboard"],"fullName":"CostDashboard shows correct cost values","status":"passed","title":"shows correct cost values","duration":409.28110000000015,"failureMessages":[],"meta":{},"tags":[]},{"ancestorTitles":["CostDashboard"],"fullName":"CostDashboard shows INR values","status":"passed","title":"shows INR values","
[...]
s":[]},{"ancestorTitles":["Single Memory API /api/memories/[id]"],"fullName":"Single Memory API /api/memories/[id] returns 500 on delete error","status":"passed","title":"returns 500 on delete error","duration":3.2655999999988126,"failureMessages":[],"meta":{},"tags":[]}],"startTime":1785264836351,"endTime":1785264836365.2656,"status":"passed","message":"","name":"C:/Users/LENOVO/Desktop/oracle/src/app/api/memories/[id]/route.test.ts"},{"assertionResults":[{"ancestorTitles":["Single Project API /api/projects/[id]"],"fullName":"Single Project API /api/projects/[id] fetches a project by id","status":"passed","title":"fetches a project by id","duration":12.84100000000035,"failureMessages":[],"meta":{},"tags":[]},{"ancestorTitles":["Single Project API /api/projects/[id]"],"fullName":"Single Project API /api/projects/[id] returns 500 on error","status":"passed","title":"returns 500 on error","duration":1.7969000000011874,"failureMessages":[],"meta":{},"tags":[]},{"ancestorTitles":["Single Project API /api/projects/[id]"],"fullName":"Single Project API /api/projects/[id] updates project fields","status":"passed","title":"updates project fields","duration":5.82839999999851,"failureMessages":[],"meta":{},"tags":[]},{"ancestorTitles":["Single Project API /api/projects/[id]"],"fullName":"Single Project API /api/projects/[id] maps contacts to contact fields","status":"passed","title":"maps contacts to contact fields","duration":2.8986000000004424,"failureMessages":[],"meta":{},"tags":[]},{"ancestorTitles":["Single Project API /api/projects/[id]"],"fullName":"Single Project API /api/projects/[id] returns 500 on update error","status":"passed","title":"returns 500 on update error","duration":1.75789999999688,"failureMessages":[],"meta":{},"tags":[]},{"ancestorTitles":["Single Project API /api/projects/[id]"],"fullName":"Single Project API /api/projects/[id] deletes a project by id","status":"passed","title":"deletes a project by id","duration":1.454200000000128,"failureMessages":[],"meta":{},"tags":[]},{"ancestorTitles":["Single Project API /api/projects/[id]"],"fullName":"Single Project API /api/projects/[id] returns 500 on delete error","status":"passed","title":"returns 500 on delete error","duration":1.611799999998766,"failureMessages":[],"meta":{},"tags":[]}],"startTime":1785264726524,"endTime":1785264726552.6118,"status":"passed","message":"","name":"C:/Users/LENOVO/Desktop/oracle/src/app/api/projects/[id]/route.test.ts"},{"assertionResults":[{"ancestorTitles":["Razorpay Orders API /api/razorpay/orders","POST"],"fullName":"Razorpay Orders API /api/razorpay/orders POST creates an order with correct Razorpay API call","status":"passed","title":"creates an order with correct Razorpay API call","duration":25.790000000000873,"failureMessages":[],"meta":{},"tags":[]},{"ancestorTitles":["Razorpay Orders API /api/razorpay/orders","POST"],"fullName":"Razorpay Orders API /api/razorpay/orders POST converts INR to paise correctly","status":"passed","title":"converts INR to paise correctly","duration":16.080100000006496,"failureMessages":[],"meta":{},"tags":[]},{"ancestorTitles":["Razorpay Orders API /api/razorpay/orders","POST"],"fullName":"Razorpay Orders API /api/razorpay/orders POST rounds paise to avoid floating point issues","status":"passed","title":"rounds paise to avoid floating point issues","duration":15.970100000005914,"failureMessages":[],"meta":{},"tags":[]},{"ancestorTitles":["Razorpay Orders API /api/razorpay/orders","POST"],"fullName":"Razorpay Orders API /api/razorpay/orders POST uses default currency INR and auto-generates receipt","status":"passed","title":"uses default currency INR and auto-generates receipt","duration":5.725999999995111,"failureMessages":[],"meta":{},"tags":[]},{"ancestorTitles":["Razorpay Orders API /api/razorpay/orders","POST"],"fullName":"Razorpay Orders API /api/razorpay/orders POST passes notes to Razorpay API","status":"passed","title":"passes notes to Razorpay API","duration":6.910100000000966,"failureMessages":[],"meta":{},"tags":[]},{"ancestorTitles":["Razorpay Orders API /api/razorpay/orders","POST"],"fullName":"Razorpay Orders API /api/razorpay/orders POST returns 400 when amount is missing","status":"passed","title":"returns 400 when amount is missing","duration":5.008099999999104,"failureMessages":[],"meta":{},"tags":[]},{"ancestorTitles":["Razorpay Orders API /api/razorpay/orders","POST"],"fullName":"Razorpay Orders API /api/razorpay/orders POST returns 400 when amount is zero","status":"passed","title":"returns 400 when amount is zero","duration":2.9958999999944353,"failureMessages":[],"meta":{},"tags":[]},{"ancestorTitles":["Razorpay Orders API /api/razorpay/orders","POST"],"fullName":"Razorpay Orders API /api/razorpay/orders POST returns 400 when amount is negative","status":"passed","title":"returns 400 when amount is negative","duration":2.675600000002305,"failureMessages":[],"meta":{},"tags":[]},{"ancestorTitles":["Razorpay Orders API /api/razorpay/orders","POST"],"fullName":"Razorpay Orders API /api/razorpay/orders POST returns 503 when Razorpay keys are not configured","status":"passed","title":"returns 503 when Razorpay keys are not configured","duration":2.465599999995902,"failureMessages":[],"meta":{},"tags":[]},{"ancestorTitles":["Razorpay Orders API /api/razorpay/orders","POST"],"fullName":"Razorpay Orders API /api/razorpay/orders POST returns error from Razorpay API on failure","status":"passed","title":"returns error from Razorpay API on failure","duration":3.473200000000361,"failureMessages":[],"meta":{},"tags":[]},{"ancestorTitles":["Razorpay Orders API /api/razorpay/orders","POST"],"fullName":"Razorpay Orders API /api/razorpay/orders POST returns 500 when Razorpay API is unreachable","status":"passed","title":"returns 500 when Razorpay API is unreachable","duration":3.3827999999994063,"failureMessages":[],"meta":{},"tags":[]}],"startTime":1785264581999,"endTime":1785264582090.3828,"status":"passed","message":"","name":"C:/Users/LENOVO/Desktop/oracle/src/app/api/razorpay/orders/route.test.ts"},{"assertionResults":[{"ancestorTitles":["Razorpay Verify API /api/razorpay/verify","POST"],"fullName":"Razorpay Verify API /api/razorpay/verify POST verifies a valid payment signature","status":"passed","title":"verifies a valid payment signature","duration":15.636699999995471,"failureMessages":[],"meta":{},"tags":[]},{"ancestorTitles":["Razorpay Verify API /api/razorpay/verify","POST"],"fullName":"Razorpay Verify API /api/razorpay/verify POST returns verified=true even if payment details fetch fails","status":"passed","title":"returns verified=true even if payment details fetch fails","duration":2.637800000004063,"failureMessages":[],"meta":{},"tags":[]},{"ancestorTitles":["Razorpay Verify API /api/razorpay/verify","POST"],"fullName":"Razorpay Verify API /api/razorpay/verify POST rejects an invalid payment signature","status":"passed","title":"rejects an invalid payment signature","duration":2.5204000000012456,"failureMessages":[],"meta":{},"tags":[]},{"ancestorTitles":["Razorpay Verify API /api/razorpay/verify","POST"],"fullName":"Razorpay Verify API /api/razorpay/verify POST rejects signature with different length (malformed input)","status":"passed","title":"rejects signature with different length (malformed input)","duration":1.7001000000018394,"failureMessages":[],"meta":{},"tags":[]},{"ancestorTitles":["Razorpay Verify API /api/razorpay/verify","POST"],"fullName":"Razorpay Verify API /api/razorpay/verify POST returns 400 when required fields are missing","status":"passed","title":"returns 400 when required fields are missing","duration":2.9315999999962514,"failureMessages":[],"meta":{},"tags":[]},{"ancestorTitles":["Razorpay Verify API /api/razorpay/verify","POST"],"fullName":"Razorpay Verify API /api/razorpay/verify POST returns 400 when razorpay_order_id is missing","status":"passed","title":"returns 400 when razorpay_order_id is missing","duration":1.7423999999955413,"failureMessages":[],"meta":{},"tags":[]},{"ancestorTitles":["Razorpay Verify API /api/razorpay/verify","POST"],"fullName":"Razorpay Verify API /api/razorpay/verify POST returns 503 when Razorpay keys are not configured","status":"passed","title":"returns 503 when Razorpay keys are not configured","duration":1.6693999999988591,"failureMessages":[],"meta":{},"tags":[]},{"ancestorTitles":["Razorpay Verify API /api/razorpay/verify","POST"],"fullName":"Razorpay Verify API /api/razorpay/verify POST returns 500 on unexpected errors","status":"passed","title":"returns 500 on unexpected errors","duration":1.7548999999999069,"failureMessages":[],"meta":{},"tags":[]},{"ancestorTitles":["Razorpay Verify API /api/razorpay/verify","POST"],"fullName":"Razorpay Verify API /api/razorpay/verify POST uses timing-safe comparison (same-length different values)","status":"passed","title":"uses timing-safe comparison (same-length different values)","duration":1.768900000002759,"failureMessages":[],"meta":{},"tags":[]}],"startTime":1785264576853,"endTime":1785264576885.7688,"status":"passed","message":"","name":"C:/Users/LENOVO/Desktop/oracle/src/app/api/razorpay/verify/route.test.ts"},{"assertionResults":[{"ancestorTitles":["Revenue Streams Seed API /api/revenue-streams/seed"],"fullName":"Revenue Streams Seed API /api/revenue-streams/seed seeds templates when user has no streams","status":"passed","title":"seeds templates when user has no streams","duration":12.548399999999674,"failureMessages":[],"meta":{},"tags":[]},{"ancestorTitles":["Revenue Streams Seed API /api/revenue-streams/seed"],"fullName":"Revenue Streams Seed API /api/revenue-streams/seed returns existing streams when user already has them","status":"passed","title":"returns existing streams when user already has them","duration":2.74120000000039,"failureMessages":[],"meta":{},"tags":[]},{"ancestorTitles":["Revenue Streams Seed API /api/revenue-streams/seed"],"fullName":"Revenue Streams Seed API /api/revenue-streams/seed returns 500 on error","status":"passed","title":"returns 500 on error","duration":1.8688999999976659,"failureMessages":[],"meta":{},"tags":[]},{"ancestorTitles":["Revenue Streams Seed API /api/revenue-streams/seed"],"fullName":"Revenue Streams Seed API /api/revenue-streams/seed returns 401 when not authenticated","status":"passed","title":"returns 401 when not authenticated","duration":1.3482000000003609,"failureMessages":[],"meta":{},"tags":[]}],"startTime":1785264688686,"endTime":1785264688704.3481,"status":"passed","message":"","name":"C:/Users/LENOVO/Desktop/oracle/src/app/api/revenue-streams/seed/route.test.ts"},{"assertionResults":[{"ancestorTitles":["Single Revenue Stream API /api/revenue-streams/[id]","GET"],"fullName":"Single Revenue Stream API /api/revenue-streams/[id] GET returns a stream by id","status":"passed","title":"returns a stream by id","duration":9.494299999998475,"failureMessages":[],"meta":{},"tags":[]},{"ancestorTitles":["Single Revenue Stream API /api/revenue-streams/[id]","GET"],"fullName":"Single Revenue Stream API /api/revenue-streams/[id] GET returns 500 on error","status":"passed","title":"returns 500 on error","duration":1.5103000000017346,"failureMessages":[],"meta":{},"tags":[]},{"ancestorTitles":["Single Revenue Stream API /api/revenue-streams/[id]","PUT"],"fullName":"Single Revenue Stream API /api/revenue-streams/[id] PUT updates a revenue stream","status":"passed","title":"updates a revenue stream","duration":5.71469999999681,"failureMessages":[],"meta":{},"tags":[]},{"ancestorTitles":["Single Revenue Stream API /api/revenue-streams/[id]","PUT"],"fullName":"Single Revenue Stream API /api/revenue-streams/[id] PUT maps camelCase to snake_case","status":"passed","title":"maps camelCase to snake_case","duration":2.4123000000035972,"failureMessages":[],"meta":{},"tags":[]},{"ancestorTitles":["Single Revenue Stream API /api/revenue-streams/[id]","PUT"],"fullName":"Single Revenue Stream API /api/revenue-streams/[id] PUT returns 500 on error","status":"passed","title":"returns 500 on error","duration":2.062100000002829,"failureMessages":[],"meta":{},"tags":[]},{"ancestorTitles":["Single Revenue Stream API /api/revenue-streams/[id]","DELETE"],"fullName":"Single Revenue Stream API /api/revenue-streams/[id] DELETE deletes a revenue stream","status":"passed","title":"deletes a revenue stream","duration":2.2687000000005355,"failureMessages":[],"meta":{},"tags":[]},{"ancestorTitles":["Single Revenue Stream API /api/revenue-streams/[id]","DELETE"],"fullName":"Single Revenue Stream API /api/revenue-streams/[id] DELETE returns 500 on error","status":"passed","title":"returns 500 on error","duration":1.9988000000012107,"failureMessages":[],"meta":{},"tags":[]},{"ancestorTitles":["Single Revenue Stream API /api/revenue-streams/[id]","auth failure"],"fullName":"Single Revenue Stream API /api/revenue-streams/[id] auth failure returns 401 when not authenticated","status":"passed","title":"returns 401 when not authenticated","duration":0.9510999999984051,"failureMessages":[],"meta":{},"tags":[]}],"startTime":1785264617495,"endTime":1785264617522.9512,"status":"passed","message":"","name":"C:/Users/LENOVO/Desktop/oracle/src/app/api/revenue-streams/[id]/route.test.ts"},{"assertionResults":[{"ancestorTitles":["Single Time Entry API /api/time-entries/[id]"],"fullName":"Single Time Entry API /api/time-entries/[id] deletes a time entry by id","status":"passed","title":"deletes a time entry by id","duration":11.43250000000262,"failureMessages":[],"meta":{},"tags":[]},{"ancestorTitles":["Single Time Entry API /api/time-entries/[id]"],"fullName":"Single Time Entry API /api/time-entries/[id] returns 500 on delete error","status":"passed","title":"returns 500 on delete error","duration":1.7622000000010303,"failureMessages":[],"meta":{},"tags":[]}],"startTime":1785264834212,"endTime":1785264834225.7622,"status":"passed","message":"","name":"C:/Users/LENOVO/Desktop/oracle/src/app/api/time-entries/[id]/route.test.ts"},{"assertionResults":[{"ancestorTitles":["POST /api/conversations/[id]/messages"],"fullName":"POST /api/conversations/[id]/messages appends messages to an existing conversation","status":"passed","title":"appends messages to an existing conversation","duration":8.539700000001176,"failureMessages":[],"meta":{},"tags":[]},{"ancestorTitles":["POST /api/conversations/[id]/messages"],"fullName":"POST /api/conversations/[id]/messages handles empty existing messages array","status":"passed","title":"handles empty existing messages array","duration":1.6648999999997613,"failureMessages":[],"meta":{},"tags":[]},{"ancestorTitles":["POST /api/conversations/[id]/messages"],"fullName":"POST /api/conversations/[id]/messages appends multiple messages at once","status":"passed","title":"appends multiple messages at once","duration":1.4140999999981432,"failureMessages":[],"meta":{},"tags":[]},{"ancestorTitles":["POST /api/conversations/[id]/messages"],"fullName":"POST /api/conversations/[id]/messages sets defaults for missing content and timestamp","status":"passed","title":"sets defaults for missing content and timestamp","duration":1.6908000000003085,"failureMessages":[],"meta":{},"tags":[]},{"ancestorTitles":["POST /api/conversations/[id]/messages"],"fullName":"POST /api/conversations/[id]/messages returns 400 when not authenticated","status":"passed","title":"returns 400 when not authenticated","duration":1.0976000000009662,"failureMessages":[],"meta":{},"tags":[]},{"ancestorTitles":["POST /api/conversations/[id]/messages"],"fullName":"POST /api/conversations/[id]/messages returns 400 when no organization","status":"passed","title":"returns 400 when no organization","duration":7.936999999998079,"failureMessages":[],"meta":{},"tags":[]},{"ancestorTitles":["POST /api/conversations/[id]/messages"],"fullName":"POST /api/conversations/[id]/messages returns rate limit response when rate limited","status":"passed","title":"returns rate limit response when rate limited","duration":1.5233999999982188,"failureMessages":[],"meta":{},"tags":[]},{"ancestorTitles":["POST /api/conversations/[id]/messages"],"fullName":"POST /api/conversations/[id]/messages returns 400 on validation failure","status":"passed","title":"returns 400 on validation failure","duration":1.2426999999988766,"failureMessages":[],"meta":{},"tags":[]},{"ancestorTitles":["POST /api/conversations/[id]/messages"],"fullName":"POST /api/conversations/[id]/messages returns 500 when fetch existing messages fails","status":"passed","title":"returns 500 when fetch existing messages fails","duration":1.890800000001036,"failureMessages":[],"meta":{},"tags":[]},{"ancestorTitles":["POST /api/conversations/[id]/messages"],"fullName":"POST /api/conversations/[id]/messages returns 500 when update fails","status":"passed","title":"returns 500 when update fails","duration":2.3207000000002154,"failureMessages":[],"meta":{},"tags":[]}],"startTime":1785264543311,"endTime":1785264543340.3208,"status":"passed","message":"","name":"C:/Users/LENOVO/Desktop/oracle/src/app/api/conversations/[id]/messages/route.test.ts"},{"assertionResults":[{"ancestorTitles":["Single Knowledge Doc Re-index /api/knowledge-docs/[id]/reindex"],"fullName":"Single Knowledge Doc Re-index /api/knowledge-docs/[id]/reindex re-indexes a document successfully","status":"passed","title":"re-indexes a document successfully","duration":11.655000000006112,"failureMessages":[],"meta":{},"tags":[]},{"ancestorTitles":["Single Knowledge Doc Re-index /api/knowledge-docs/[id]/reindex"],"fullName":"Single Knowledge Doc Re-index /api/knowledge-docs/[id]/reindex returns 401 when not authenticated","status":"passed","title":"returns 401 when not authenticated","duration":1.7656000000060885,"failureMessages":[],"meta":{},"tags":[]},{"ancestorTitles":["Single Knowledge Doc Re-index /api/knowledge-docs/[id]/reindex"],"fullName":"Single Knowledge Doc Re-index /api/knowledge-docs/[id]/reindex returns 429 when rate limited","status":"passed","title":"returns 429 when rate limited","duration":1.3201000000044587,"failureMessages":[],"meta":{},"tags":[]},{"ancestorTitles":["Single Knowledge Doc Re-index /api/knowledge-docs/[id]/reindex"],"fullName":"Single Knowledge Doc Re-index /api/knowledge-docs/[id]/reindex returns 400 when semantic search is not configured","status":"passed","title":"returns 400 when semantic search is not configured","duration":1.1542999999946915,"failureMessages":[],"meta":{},"tags":[]},{"ancestorTitles":["Single Knowledge Doc Re-index /api/knowledge-docs/[id]/reindex"],"fullName":"Single Knowledge Doc Re-index /api/knowledge-docs/[id]/reindex returns 404 when document is not found","status":"passed","title":"returns 404 when document is not found","duration":1.8395999999993364,"failureMessages":[],"meta":{},"tags":[]},{"ancestorTitles":["Single Knowledge Doc Re-index /api/knowledge-docs/[id]/reindex"],"fullName":"Single Knowledge Doc Re-index /api/knowledge-docs/[id]/reindex returns message when document has no content to index","status":"passed","title":"returns message when document has no content to index","duration":2.5786000000007334,"failureMessages":[],"meta":{},"tags":[]},{"ancestorTitles":["Single Knowledge Doc Re-index /api/knowledge-docs/[id]/reindex"],"fullName":"Single Knowledge Doc Re-index /api/knowledge-docs/[id]/reindex returns message when no embeddings are generated","status":"passed","title":"returns message when no embeddings are generated","duration":1.2819999999992433,"failureMessages":[],"meta":{},"tags":[]},{"ancestorTitles":["Single Knowledge Doc Re-index /api/knowledge-docs/[id]/reindex"],"fullName":"Single Knowledge Doc Re-index /api/knowledge-docs/[id]/reindex returns 500 when storeEmbeddings throws","status":"passed","title":"returns 500 when storeEmbeddings throws","duration":2.269899999999325,"failureMessages":[],"meta":{},"tags":[]}],"startTime":1785264579465,"endTime":1785264579489.27,"status":"passed","message":"","name":"C:/Users/LENOVO/Desktop/oracle/src/app/api/knowledge-docs/[id]/reindex/route.test.ts"}]}